<?xml version="1.0" encoding="UTF-8"?>
<!-- Generated by org.testng.reporters.JUnitReportReporter -->
<testsuite skipped="0" hostname="SM-5014" name="crm.qa.pages.test.TasksPageTest" tests="3" failures="0" timestamp="26 Aug 2019 17:36:55 GMT" time="50.484" errors="0">
  <testcase name="verifyDealsPageLabel" time="14.060" classname="crm.qa.pages.test.TasksPageTest"/>
  <testcase name="validatecreateNewTask" time="17.597" classname="crm.qa.pages.test.TasksPageTest"/>
  <testcase name="validatecreateNewTask" time="18.827" classname="crm.qa.pages.test.TasksPageTest"/>
</testsuite> <!-- crm.qa.pages.test.TasksPageTest -->
