<?xml version="1.0" encoding="UTF-8"?>
<!-- Generated by org.testng.reporters.JUnitReportReporter -->
<testsuite skipped="5" hostname="SM-5014" name="crm.qa.pages.test.Dealspgae" tests="6" failures="0" timestamp="26 Aug 2019 10:02:34 GMT" time="0.067" errors="1">
  <testcase name="setUp" time="0.067" classname="crm.qa.pages.test.Dealspgae">
    <error type="java.lang.NullPointerException">
      <![CDATA[java.lang.NullPointerException
at org.openqa.selenium.support.pagefactory.DefaultElementLocator.findElement(DefaultElementLocator.java:69)
at org.openqa.selenium.support.pagefactory.internal.LocatingElementHandler.invoke(LocatingElementHandler.java:38)
at com.sun.proxy.$Proxy10.sendKeys(Unknown Source)
at crm.qa.pages.LoginPage.login(LoginPage.java:43)
at crm.qa.pages.test.Dealspgae.setUp(Dealspgae.java:38)
at sun.reflect.NativeMethodAccessorImpl.invoke0(Native Method)
at sun.reflect.NativeMethodAccessorImpl.invoke(Unknown Source)
at sun.reflect.DelegatingMethodAccessorImpl.invoke(Unknown Source)
at java.lang.reflect.Method.invoke(Unknown Source)
at org.testng.internal.MethodInvocationHelper.invokeMethod(MethodInvocationHelper.java:124)
at org.testng.internal.MethodInvocationHelper.invokeMethodConsideringTimeout(MethodInvocationHelper.java:59)
at org.testng.internal.Invoker.invokeConfigurationMethod(Invoker.java:458)
at org.testng.internal.Invoker.invokeConfigurations(Invoker.java:222)
at org.testng.internal.Invoker.invokeMethod(Invoker.java:523)
at org.testng.internal.Invoker.invokeTestMethod(Invoker.java:719)
at org.testng.internal.Invoker.invokeTestMethods(Invoker.java:989)
at org.testng.internal.TestMethodWorker.invokeTestMethods(TestMethodWorker.java:125)
at org.testng.internal.TestMethodWorker.run(TestMethodWorker.java:109)
at org.testng.TestRunner.privateRun(TestRunner.java:648)
at org.testng.TestRunner.run(TestRunner.java:505)
at org.testng.SuiteRunner.runTest(SuiteRunner.java:455)
at org.testng.SuiteRunner.runSequentially(SuiteRunner.java:450)
at org.testng.SuiteRunner.privateRun(SuiteRunner.java:415)
at org.testng.SuiteRunner.run(SuiteRunner.java:364)
at org.testng.SuiteRunnerWorker.runSuite(SuiteRunnerWorker.java:52)
at org.testng.SuiteRunnerWorker.run(SuiteRunnerWorker.java:84)
at org.testng.TestNG.runSuitesSequentially(TestNG.java:1208)
at org.testng.TestNG.runSuitesLocally(TestNG.java:1137)
at org.testng.TestNG.runSuites(TestNG.java:1049)
at org.testng.TestNG.run(TestNG.java:1017)
at org.testng.remote.AbstractRemoteTestNG.run(AbstractRemoteTestNG.java:115)
at org.testng.remote.RemoteTestNG.initAndRun(RemoteTestNG.java:251)
at org.testng.remote.RemoteTestNG.main(RemoteTestNG.java:77)
]]>
    </error>
  </testcase> <!-- setUp -->
  <testcase name="verifyDealsPageLabel" time="0.000" classname="crm.qa.pages.test.Dealspgae">
    <skipped/>
  </testcase> <!-- verifyDealsPageLabel -->
  <testcase name="validatecreateNewDeal" time="0.000" classname="crm.qa.pages.test.Dealspgae">
    <skipped/>
  </testcase> <!-- validatecreateNewDeal -->
  <testcase name="validatecreateNewDeal" time="0.000" classname="crm.qa.pages.test.Dealspgae">
    <skipped/>
  </testcase> <!-- validatecreateNewDeal -->
  <testcase name="validatecreateNewDeal" time="0.000" classname="crm.qa.pages.test.Dealspgae">
    <skipped/>
  </testcase> <!-- validatecreateNewDeal -->
  <testcase name="validatecreateNewDeal" time="0.000" classname="crm.qa.pages.test.Dealspgae">
    <skipped/>
  </testcase> <!-- validatecreateNewDeal -->
</testsuite> <!-- crm.qa.pages.test.Dealspgae -->
