<?xml version="1.0" encoding="UTF-8"?>
<!-- Generated by org.testng.reporters.JUnitReportReporter -->
<testsuite skipped="1" hostname="SM-5014" name="crm.qa.pages.test.ContactsPageTest" tests="7" failures="0" timestamp="13 Sep 2019 13:43:58 GMT" time="108.917" errors="3">
  <testcase name="setUp" time="24.213" classname="crm.qa.pages.test.ContactsPageTest">
    <error type="java.lang.StackOverflowError">
      <![CDATA[java.lang.StackOverflowError
at java.lang.Throwable.getLocalizedMessage(Unknown Source)
at java.lang.Throwable.toString(Unknown Source)
at java.lang.String.valueOf(Unknown Source)
at java.lang.StringBuilder.append(Unknown Source)
at crm.qa.util.WebEventListener.onException(WebEventListener.java:66)
at sun.reflect.GeneratedMethodAccessor11.invoke(Unknown Source)
at sun.reflect.DelegatingMethodAccessorImpl.invoke(Unknown Source)
at java.lang.reflect.Method.invoke(Unknown Source)
at org.openqa.selenium.support.events.EventFiringWebDriver.lambda$new$0(EventFiringWebDriver.java:84)
at com.sun.proxy.$Proxy7.onException(Unknown Source)
at org.openqa.selenium.support.events.EventFiringWebDriver.lambda$new$1(EventFiringWebDriver.java:107)
at com.sun.proxy.$Proxy8.getScreenshotAs(Unknown Source)
at org.openqa.selenium.support.events.EventFiringWebDriver.getScreenshotAs(EventFiringWebDriver.java:302)
at crm.qa.util.TestUtil.takeScreenshotAtEndOfTest(TestUtil.java:65)
at crm.qa.util.WebEventListener.onException(WebEventListener.java:68)
at sun.reflect.GeneratedMethodAccessor11.invoke(Unknown Source)
at sun.reflect.DelegatingMethodAccessorImpl.invoke(Unknown Source)
at java.lang.reflect.Method.invoke(Unknown Source)
at org.openqa.selenium.support.events.EventFiringWebDriver.lambda$new$0(EventFiringWebDriver.java:84)
at com.sun.proxy.$Proxy7.onException(Unknown Source)
at org.openqa.selenium.support.events.EventFiringWebDriver.lambda$new$1(EventFiringWebDriver.java:107)
at com.sun.proxy.$Proxy8.getScreenshotAs(Unknown Source)
at org.openqa.selenium.support.events.EventFiringWebDriver.getScreenshotAs(EventFiringWebDriver.java:302)
at crm.qa.util.TestUtil.takeScreenshotAtEndOfTest(TestUtil.java:65)
at crm.qa.util.WebEventListener.onException(WebEventListener.java:68)
at sun.reflect.GeneratedMethodAccessor11.invoke(Unknown Source)
at sun.reflect.DelegatingMethodAccessorImpl.invoke(Unknown Source)
at java.lang.reflect.Method.invoke(Unknown Source)
at org.openqa.selenium.support.events.EventFiringWebDriver.lambda$new$0(EventFiringWebDriver.java:84)
at com.sun.proxy.$Proxy7.onException(Unknown Source)
at org.openqa.selenium.support.events.EventFiringWebDriver.lambda$new$1(EventFiringWebDriver.java:107)
at com.sun.proxy.$Proxy8.getScreenshotAs(Unknown Source)
at org.openqa.selenium.support.events.EventFiringWebDriver.getScreenshotAs(EventFiringWebDriver.java:302)
at crm.qa.util.TestUtil.takeScreenshotAtEndOfTest(TestUtil.java:65)
at crm.qa.util.WebEventListener.onException(WebEventListener.java:68)
at sun.reflect.GeneratedMethodAccessor11.invoke(Unknown Source)
at sun.reflect.DelegatingMethodAccessorImpl.invoke(Unknown Source)
at java.lang.reflect.Method.invoke(Unknown Source)
at org.openqa.selenium.support.events.EventFiringWebDriver.lambda$new$0(EventFiringWebDriver.java:84)
at com.sun.proxy.$Proxy7.onException(Unknown Source)
at org.openqa.selenium.support.events.EventFiringWebDriver.lambda$new$1(EventFiringWebDriver.java:107)
at com.sun.proxy.$Proxy8.getScreenshotAs(Unknown Source)
at org.openqa.selenium.support.events.EventFiringWebDriver.getScreenshotAs(EventFiringWebDriver.java:302)
at crm.qa.util.TestUtil.takeScreenshotAtEndOfTest(TestUtil.java:65)
at crm.qa.util.WebEventListener.onException(WebEventListener.java:68)
at sun.reflect.GeneratedMethodAccessor11.invoke(Unknown Source)
at sun.reflect.DelegatingMethodAccessorImpl.invoke(Unknown Source)
at java.lang.reflect.Method.invoke(Unknown Source)
at org.openqa.selenium.support.events.EventFiringWebDriver.lambda$new$0(EventFiringWebDriver.java:84)
at com.sun.proxy.$Proxy7.onException(Unknown Source)
at org.openqa.selenium.support.events.EventFiringWebDriver.lambda$new$1(EventFiringWebDriver.java:107)
at com.sun.proxy.$Proxy8.getScreenshotAs(Unknown Source)
at org.openqa.selenium.support.events.EventFiringWebDriver.getScreenshotAs(EventFiringWebDriver.java:302)
at crm.qa.util.TestUtil.takeScreenshotAtEndOfTest(TestUtil.java:65)
at crm.qa.util.WebEventListener.onException(WebEventListener.java:68)
at sun.reflect.GeneratedMethodAccessor11.invoke(Unknown Source)
at sun.reflect.DelegatingMethodAccessorImpl.invoke(Unknown Source)
at java.lang.reflect.Method.invoke(Unknown Source)
at org.openqa.selenium.support.events.EventFiringWebDriver.lambda$new$0(EventFiringWebDriver.java:84)
at com.sun.proxy.$Proxy7.onException(Unknown Source)
at org.openqa.selenium.support.events.EventFiringWebDriver.lambda$new$1(EventFiringWebDriver.java:107)
at com.sun.proxy.$Proxy8.getScreenshotAs(Unknown Source)
at org.openqa.selenium.support.events.EventFiringWebDriver.getScreenshotAs(EventFiringWebDriver.java:302)
at crm.qa.util.TestUtil.takeScreenshotAtEndOfTest(TestUtil.java:65)
at crm.qa.util.WebEventListener.onException(WebEventListener.java:68)
at sun.reflect.GeneratedMethodAccessor11.invoke(Unknown Source)
at sun.reflect.DelegatingMethodAccessorImpl.invoke(Unknown Source)
at java.lang.reflect.Method.invoke(Unknown Source)
at org.openqa.selenium.support.events.EventFiringWebDriver.lambda$new$0(EventFiringWebDriver.java:84)
at com.sun.proxy.$Proxy7.onException(Unknown Source)
at org.openqa.selenium.support.events.EventFiringWebDriver.lambda$new$1(EventFiringWebDriver.java:107)
at com.sun.proxy.$Proxy8.getScreenshotAs(Unknown Source)
at org.openqa.selenium.support.events.EventFiringWebDriver.getScreenshotAs(EventFiringWebDriver.java:302)
at crm.qa.util.TestUtil.takeScreenshotAtEndOfTest(TestUtil.java:65)
at crm.qa.util.WebEventListener.onException(WebEventListener.java:68)
at sun.reflect.GeneratedMethodAccessor11.invoke(Unknown Source)
at sun.reflect.DelegatingMethodAccessorImpl.invoke(Unknown Source)
at java.lang.reflect.Method.invoke(Unknown Source)
at org.openqa.selenium.support.events.EventFiringWebDriver.lambda$new$0(EventFiringWebDriver.java:84)
at com.sun.proxy.$Proxy7.onException(Unknown Source)
at org.openqa.selenium.support.events.EventFiringWebDriver.lambda$new$1(EventFiringWebDriver.java:107)
at com.sun.proxy.$Proxy8.getScreenshotAs(Unknown Source)
at org.openqa.selenium.support.events.EventFiringWebDriver.getScreenshotAs(EventFiringWebDriver.java:302)
at crm.qa.util.TestUtil.takeScreenshotAtEndOfTest(TestUtil.java:65)
at crm.qa.util.WebEventListener.onException(WebEventListener.java:68)
at sun.reflect.GeneratedMethodAccessor11.invoke(Unknown Source)
at sun.reflect.DelegatingMethodAccessorImpl.invoke(Unknown Source)
at java.lang.reflect.Method.invoke(Unknown Source)
at org.openqa.selenium.support.events.EventFiringWebDriver.lambda$new$0(EventFiringWebDriver.java:84)
at com.sun.proxy.$Proxy7.onException(Unknown Source)
at org.openqa.selenium.support.events.EventFiringWebDriver.lambda$new$1(EventFiringWebDriver.java:107)
at com.sun.proxy.$Proxy8.getScreenshotAs(Unknown Source)
at org.openqa.selenium.support.events.EventFiringWebDriver.getScreenshotAs(EventFiringWebDriver.java:302)
at crm.qa.util.TestUtil.takeScreenshotAtEndOfTest(TestUtil.java:65)
at crm.qa.util.WebEventListener.onException(WebEventListener.java:68)
at sun.reflect.GeneratedMethodAccessor11.invoke(Unknown Source)
at sun.reflect.DelegatingMethodAccessorImpl.invoke(Unknown Source)
at java.lang.reflect.Method.invoke(Unknown Source)
at org.openqa.selenium.support.events.EventFiringWebDriver.lambda$new$0(EventFiringWebDriver.java:84)
at com.sun.proxy.$Proxy7.onException(Unknown Source)
at org.openqa.selenium.support.events.EventFiringWebDriver.lambda$new$1(EventFiringWebDriver.java:107)
at com.sun.proxy.$Proxy8.getScreenshotAs(Unknown Source)
at org.openqa.selenium.support.events.EventFiringWebDriver.getScreenshotAs(EventFiringWebDriver.java:302)
at crm.qa.util.TestUtil.takeScreenshotAtEndOfTest(TestUtil.java:65)
at crm.qa.util.WebEventListener.onException(WebEventListener.java:68)
at sun.reflect.GeneratedMethodAccessor11.invoke(Unknown Source)
at sun.reflect.DelegatingMethodAccessorImpl.invoke(Unknown Source)
at java.lang.reflect.Method.invoke(Unknown Source)
at org.openqa.selenium.support.events.EventFiringWebDriver.lambda$new$0(EventFiringWebDriver.java:84)
at com.sun.proxy.$Proxy7.onException(Unknown Source)
at org.openqa.selenium.support.events.EventFiringWebDriver.lambda$new$1(EventFiringWebDriver.java:107)
at com.sun.proxy.$Proxy8.getScreenshotAs(Unknown Source)
at org.openqa.selenium.support.events.EventFiringWebDriver.getScreenshotAs(EventFiringWebDriver.java:302)
at crm.qa.util.TestUtil.takeScreenshotAtEndOfTest(TestUtil.java:65)
at crm.qa.util.WebEventListener.onException(WebEventListener.java:68)
at sun.reflect.GeneratedMethodAccessor11.invoke(Unknown Source)
at sun.reflect.DelegatingMethodAccessorImpl.invoke(Unknown Source)
at java.lang.reflect.Method.invoke(Unknown Source)
at org.openqa.selenium.support.events.EventFiringWebDriver.lambda$new$0(EventFiringWebDriver.java:84)
at com.sun.proxy.$Proxy7.onException(Unknown Source)
at org.openqa.selenium.support.events.EventFiringWebDriver.lambda$new$1(EventFiringWebDriver.java:107)
at com.sun.proxy.$Proxy8.getScreenshotAs(Unknown Source)
at org.openqa.selenium.support.events.EventFiringWebDriver.getScreenshotAs(EventFiringWebDriver.java:302)
at crm.qa.util.TestUtil.takeScreenshotAtEndOfTest(TestUtil.java:65)
at crm.qa.util.WebEventListener.onException(WebEventListener.java:68)
at sun.reflect.GeneratedMethodAccessor11.invoke(Unknown Source)
at sun.reflect.DelegatingMethodAccessorImpl.invoke(Unknown Source)
at java.lang.reflect.Method.invoke(Unknown Source)
at org.openqa.selenium.support.events.EventFiringWebDriver.lambda$new$0(EventFiringWebDriver.java:84)
at com.sun.proxy.$Proxy7.onException(Unknown Source)
at org.openqa.selenium.support.events.EventFiringWebDriver.lambda$new$1(EventFiringWebDriver.java:107)
at com.sun.proxy.$Proxy8.getScreenshotAs(Unknown Source)
at org.openqa.selenium.support.events.EventFiringWebDriver.getScreenshotAs(EventFiringWebDriver.java:302)
at crm.qa.util.TestUtil.takeScreenshotAtEndOfTest(TestUtil.java:65)
at crm.qa.util.WebEventListener.onException(WebEventListener.java:68)
at sun.reflect.GeneratedMethodAccessor11.invoke(Unknown Source)
at sun.reflect.DelegatingMethodAccessorImpl.invoke(Unknown Source)
at java.lang.reflect.Method.invoke(Unknown Source)
at org.openqa.selenium.support.events.EventFiringWebDriver.lambda$new$0(EventFiringWebDriver.java:84)
at com.sun.proxy.$Proxy7.onException(Unknown Source)
at org.openqa.selenium.support.events.EventFiringWebDriver.lambda$new$1(EventFiringWebDriver.java:107)
at com.sun.proxy.$Proxy8.getScreenshotAs(Unknown Source)
at org.openqa.selenium.support.events.EventFiringWebDriver.getScreenshotAs(EventFiringWebDriver.java:302)
at crm.qa.util.TestUtil.takeScreenshotAtEndOfTest(TestUtil.java:65)
at crm.qa.util.WebEventListener.onException(WebEventListener.java:68)
at sun.reflect.GeneratedMethodAccessor11.invoke(Unknown Source)
at sun.reflect.DelegatingMethodAccessorImpl.invoke(Unknown Source)
at java.lang.reflect.Method.invoke(Unknown Source)
at org.openqa.selenium.support.events.EventFiringWebDriver.lambda$new$0(EventFiringWebDriver.java:84)
at com.sun.proxy.$Proxy7.onException(Unknown Source)
at org.openqa.selenium.support.events.EventFiringWebDriver.lambda$new$1(EventFiringWebDriver.java:107)
at com.sun.proxy.$Proxy8.getScreenshotAs(Unknown Source)
at org.openqa.selenium.support.events.EventFiringWebDriver.getScreenshotAs(EventFiringWebDriver.java:302)
at crm.qa.util.TestUtil.takeScreenshotAtEndOfTest(TestUtil.java:65)
at crm.qa.util.WebEventListener.onException(WebEventListener.java:68)
at sun.reflect.GeneratedMethodAccessor11.invoke(Unknown Source)
at sun.reflect.DelegatingMethodAccessorImpl.invoke(Unknown Source)
at java.lang.reflect.Method.invoke(Unknown Source)
at org.openqa.selenium.support.events.EventFiringWebDriver.lambda$new$0(EventFiringWebDriver.java:84)
at com.sun.proxy.$Proxy7.onException(Unknown Source)
at org.openqa.selenium.support.events.EventFiringWebDriver.lambda$new$1(EventFiringWebDriver.java:107)
at com.sun.proxy.$Proxy8.getScreenshotAs(Unknown Source)
at org.openqa.selenium.support.events.EventFiringWebDriver.getScreenshotAs(EventFiringWebDriver.java:302)
at crm.qa.util.TestUtil.takeScreenshotAtEndOfTest(TestUtil.java:65)
at crm.qa.util.WebEventListener.onException(WebEventListener.java:68)
at sun.reflect.GeneratedMethodAccessor11.invoke(Unknown Source)
at sun.reflect.DelegatingMethodAccessorImpl.invoke(Unknown Source)
at java.lang.reflect.Method.invoke(Unknown Source)
at org.openqa.selenium.support.events.EventFiringWebDriver.lambda$new$0(EventFiringWebDriver.java:84)
at com.sun.proxy.$Proxy7.onException(Unknown Source)
at org.openqa.selenium.support.events.EventFiringWebDriver.lambda$new$1(EventFiringWebDriver.java:107)
at com.sun.proxy.$Proxy8.getScreenshotAs(Unknown Source)
at org.openqa.selenium.support.events.EventFiringWebDriver.getScreenshotAs(EventFiringWebDriver.java:302)
at crm.qa.util.TestUtil.takeScreenshotAtEndOfTest(TestUtil.java:65)
at crm.qa.util.WebEventListener.onException(WebEventListener.java:68)
at sun.reflect.GeneratedMethodAccessor11.invoke(Unknown Source)
at sun.reflect.DelegatingMethodAccessorImpl.invoke(Unknown Source)
at java.lang.reflect.Method.invoke(Unknown Source)
at org.openqa.selenium.support.events.EventFiringWebDriver.lambda$new$0(EventFiringWebDriver.java:84)
at com.sun.proxy.$Proxy7.onException(Unknown Source)
at org.openqa.selenium.support.events.EventFiringWebDriver.lambda$new$1(EventFiringWebDriver.java:107)
at com.sun.proxy.$Proxy8.getScreenshotAs(Unknown Source)
at org.openqa.selenium.support.events.EventFiringWebDriver.getScreenshotAs(EventFiringWebDriver.java:302)
at crm.qa.util.TestUtil.takeScreenshotAtEndOfTest(TestUtil.java:65)
at crm.qa.util.WebEventListener.onException(WebEventListener.java:68)
at sun.reflect.GeneratedMethodAccessor11.invoke(Unknown Source)
at sun.reflect.DelegatingMethodAccessorImpl.invoke(Unknown Source)
at java.lang.reflect.Method.invoke(Unknown Source)
at org.openqa.selenium.support.events.EventFiringWebDriver.lambda$new$0(EventFiringWebDriver.java:84)
at com.sun.proxy.$Proxy7.onException(Unknown Source)
at org.openqa.selenium.support.events.EventFiringWebDriver.lambda$new$1(EventFiringWebDriver.java:107)
at com.sun.proxy.$Proxy8.getScreenshotAs(Unknown Source)
at org.openqa.selenium.support.events.EventFiringWebDriver.getScreenshotAs(EventFiringWebDriver.java:302)
at crm.qa.util.TestUtil.takeScreenshotAtEndOfTest(TestUtil.java:65)
at crm.qa.util.WebEventListener.onException(WebEventListener.java:68)
at sun.reflect.GeneratedMethodAccessor11.invoke(Unknown Source)
at sun.reflect.DelegatingMethodAccessorImpl.invoke(Unknown Source)
at java.lang.reflect.Method.invoke(Unknown Source)
at org.openqa.selenium.support.events.EventFiringWebDriver.lambda$new$0(EventFiringWebDriver.java:84)
at com.sun.proxy.$Proxy7.onException(Unknown Source)
at org.openqa.selenium.support.events.EventFiringWebDriver.lambda$new$1(EventFiringWebDriver.java:107)
at com.sun.proxy.$Proxy8.getScreenshotAs(Unknown Source)
at org.openqa.selenium.support.events.EventFiringWebDriver.getScreenshotAs(EventFiringWebDriver.java:302)
at crm.qa.util.TestUtil.takeScreenshotAtEndOfTest(TestUtil.java:65)
at crm.qa.util.WebEventListener.onException(WebEventListener.java:68)
at sun.reflect.GeneratedMethodAccessor11.invoke(Unknown Source)
at sun.reflect.DelegatingMethodAccessorImpl.invoke(Unknown Source)
at java.lang.reflect.Method.invoke(Unknown Source)
at org.openqa.selenium.support.events.EventFiringWebDriver.lambda$new$0(EventFiringWebDriver.java:84)
at com.sun.proxy.$Proxy7.onException(Unknown Source)
at org.openqa.selenium.support.events.EventFiringWebDriver.lambda$new$1(EventFiringWebDriver.java:107)
at com.sun.proxy.$Proxy8.getScreenshotAs(Unknown Source)
at org.openqa.selenium.support.events.EventFiringWebDriver.getScreenshotAs(EventFiringWebDriver.java:302)
at crm.qa.util.TestUtil.takeScreenshotAtEndOfTest(TestUtil.java:65)
at crm.qa.util.WebEventListener.onException(WebEventListener.java:68)
at sun.reflect.GeneratedMethodAccessor11.invoke(Unknown Source)
at sun.reflect.DelegatingMethodAccessorImpl.invoke(Unknown Source)
at java.lang.reflect.Method.invoke(Unknown Source)
at org.openqa.selenium.support.events.EventFiringWebDriver.lambda$new$0(EventFiringWebDriver.java:84)
at com.sun.proxy.$Proxy7.onException(Unknown Source)
at org.openqa.selenium.support.events.EventFiringWebDriver.lambda$new$1(EventFiringWebDriver.java:107)
at com.sun.proxy.$Proxy8.getScreenshotAs(Unknown Source)
at org.openqa.selenium.support.events.EventFiringWebDriver.getScreenshotAs(EventFiringWebDriver.java:302)
at crm.qa.util.TestUtil.takeScreenshotAtEndOfTest(TestUtil.java:65)
at crm.qa.util.WebEventListener.onException(WebEventListener.java:68)
at sun.reflect.GeneratedMethodAccessor11.invoke(Unknown Source)
at sun.reflect.DelegatingMethodAccessorImpl.invoke(Unknown Source)
at java.lang.reflect.Method.invoke(Unknown Source)
at org.openqa.selenium.support.events.EventFiringWebDriver.lambda$new$0(EventFiringWebDriver.java:84)
at com.sun.proxy.$Proxy7.onException(Unknown Source)
at org.openqa.selenium.support.events.EventFiringWebDriver.lambda$new$1(EventFiringWebDriver.java:107)
at com.sun.proxy.$Proxy8.getScreenshotAs(Unknown Source)
at org.openqa.selenium.support.events.EventFiringWebDriver.getScreenshotAs(EventFiringWebDriver.java:302)
at crm.qa.util.TestUtil.takeScreenshotAtEndOfTest(TestUtil.java:65)
at crm.qa.util.WebEventListener.onException(WebEventListener.java:68)
at sun.reflect.GeneratedMethodAccessor11.invoke(Unknown Source)
at sun.reflect.DelegatingMethodAccessorImpl.invoke(Unknown Source)
at java.lang.reflect.Method.invoke(Unknown Source)
at org.openqa.selenium.support.events.EventFiringWebDriver.lambda$new$0(EventFiringWebDriver.java:84)
at com.sun.proxy.$Proxy7.onException(Unknown Source)
at org.openqa.selenium.support.events.EventFiringWebDriver.lambda$new$1(EventFiringWebDriver.java:107)
at com.sun.proxy.$Proxy8.getScreenshotAs(Unknown Source)
at org.openqa.selenium.support.events.EventFiringWebDriver.getScreenshotAs(EventFiringWebDriver.java:302)
at crm.qa.util.TestUtil.takeScreenshotAtEndOfTest(TestUtil.java:65)
at crm.qa.util.WebEventListener.onException(WebEventListener.java:68)
at sun.reflect.GeneratedMethodAccessor11.invoke(Unknown Source)
at sun.reflect.DelegatingMethodAccessorImpl.invoke(Unknown Source)
at java.lang.reflect.Method.invoke(Unknown Source)
at org.openqa.selenium.support.events.EventFiringWebDriver.lambda$new$0(EventFiringWebDriver.java:84)
at com.sun.proxy.$Proxy7.onException(Unknown Source)
at org.openqa.selenium.support.events.EventFiringWebDriver.lambda$new$1(EventFiringWebDriver.java:107)
at com.sun.proxy.$Proxy8.getScreenshotAs(Unknown Source)
at org.openqa.selenium.support.events.EventFiringWebDriver.getScreenshotAs(EventFiringWebDriver.java:302)
at crm.qa.util.TestUtil.takeScreenshotAtEndOfTest(TestUtil.java:65)
at crm.qa.util.WebEventListener.onException(WebEventListener.java:68)
at sun.reflect.GeneratedMethodAccessor11.invoke(Unknown Source)
at sun.reflect.DelegatingMethodAccessorImpl.invoke(Unknown Source)
at java.lang.reflect.Method.invoke(Unknown Source)
at org.openqa.selenium.support.events.EventFiringWebDriver.lambda$new$0(EventFiringWebDriver.java:84)
at com.sun.proxy.$Proxy7.onException(Unknown Source)
at org.openqa.selenium.support.events.EventFiringWebDriver.lambda$new$1(EventFiringWebDriver.java:107)
at com.sun.proxy.$Proxy8.getScreenshotAs(Unknown Source)
at org.openqa.selenium.support.events.EventFiringWebDriver.getScreenshotAs(EventFiringWebDriver.java:302)
at crm.qa.util.TestUtil.takeScreenshotAtEndOfTest(TestUtil.java:65)
at crm.qa.util.WebEventListener.onException(WebEventListener.java:68)
at sun.reflect.GeneratedMethodAccessor11.invoke(Unknown Source)
at sun.reflect.DelegatingMethodAccessorImpl.invoke(Unknown Source)
at java.lang.reflect.Method.invoke(Unknown Source)
at org.openqa.selenium.support.events.EventFiringWebDriver.lambda$new$0(EventFiringWebDriver.java:84)
at com.sun.proxy.$Proxy7.onException(Unknown Source)
at org.openqa.selenium.support.events.EventFiringWebDriver.lambda$new$1(EventFiringWebDriver.java:107)
at com.sun.proxy.$Proxy8.getScreenshotAs(Unknown Source)
at org.openqa.selenium.support.events.EventFiringWebDriver.getScreenshotAs(EventFiringWebDriver.java:302)
at crm.qa.util.TestUtil.takeScreenshotAtEndOfTest(TestUtil.java:65)
at crm.qa.util.WebEventListener.onException(WebEventListener.java:68)
at sun.reflect.GeneratedMethodAccessor11.invoke(Unknown Source)
at sun.reflect.DelegatingMethodAccessorImpl.invoke(Unknown Source)
at java.lang.reflect.Method.invoke(Unknown Source)
at org.openqa.selenium.support.events.EventFiringWebDriver.lambda$new$0(EventFiringWebDriver.java:84)
at com.sun.proxy.$Proxy7.onException(Unknown Source)
at org.openqa.selenium.support.events.EventFiringWebDriver.lambda$new$1(EventFiringWebDriver.java:107)
at com.sun.proxy.$Proxy8.getScreenshotAs(Unknown Source)
at org.openqa.selenium.support.events.EventFiringWebDriver.getScreenshotAs(EventFiringWebDriver.java:302)
at crm.qa.util.TestUtil.takeScreenshotAtEndOfTest(TestUtil.java:65)
at crm.qa.util.WebEventListener.onException(WebEventListener.java:68)
at sun.reflect.GeneratedMethodAccessor11.invoke(Unknown Source)
at sun.reflect.DelegatingMethodAccessorImpl.invoke(Unknown Source)
at java.lang.reflect.Method.invoke(Unknown Source)
at org.openqa.selenium.support.events.EventFiringWebDriver.lambda$new$0(EventFiringWebDriver.java:84)
at com.sun.proxy.$Proxy7.onException(Unknown Source)
at org.openqa.selenium.support.events.EventFiringWebDriver.lambda$new$1(EventFiringWebDriver.java:107)
at com.sun.proxy.$Proxy8.getScreenshotAs(Unknown Source)
at org.openqa.selenium.support.events.EventFiringWebDriver.getScreenshotAs(EventFiringWebDriver.java:302)
at crm.qa.util.TestUtil.takeScreenshotAtEndOfTest(TestUtil.java:65)
at crm.qa.util.WebEventListener.onException(WebEventListener.java:68)
at sun.reflect.GeneratedMethodAccessor11.invoke(Unknown Source)
at sun.reflect.DelegatingMethodAccessorImpl.invoke(Unknown Source)
at java.lang.reflect.Method.invoke(Unknown Source)
at org.openqa.selenium.support.events.EventFiringWebDriver.lambda$new$0(EventFiringWebDriver.java:84)
at com.sun.proxy.$Proxy7.onException(Unknown Source)
at org.openqa.selenium.support.events.EventFiringWebDriver.lambda$new$1(EventFiringWebDriver.java:107)
at com.sun.proxy.$Proxy8.getScreenshotAs(Unknown Source)
at org.openqa.selenium.support.events.EventFiringWebDriver.getScreenshotAs(EventFiringWebDriver.java:302)
at crm.qa.util.TestUtil.takeScreenshotAtEndOfTest(TestUtil.java:65)
at crm.qa.util.WebEventListener.onException(WebEventListener.java:68)
at sun.reflect.GeneratedMethodAccessor11.invoke(Unknown Source)
at sun.reflect.DelegatingMethodAccessorImpl.invoke(Unknown Source)
at java.lang.reflect.Method.invoke(Unknown Source)
at org.openqa.selenium.support.events.EventFiringWebDriver.lambda$new$0(EventFiringWebDriver.java:84)
at com.sun.proxy.$Proxy7.onException(Unknown Source)
at org.openqa.selenium.support.events.EventFiringWebDriver.lambda$new$1(EventFiringWebDriver.java:107)
at com.sun.proxy.$Proxy8.getScreenshotAs(Unknown Source)
at org.openqa.selenium.support.events.EventFiringWebDriver.getScreenshotAs(EventFiringWebDriver.java:302)
at crm.qa.util.TestUtil.takeScreenshotAtEndOfTest(TestUtil.java:65)
at crm.qa.util.WebEventListener.onException(WebEventListener.java:68)
at sun.reflect.GeneratedMethodAccessor11.invoke(Unknown Source)
at sun.reflect.DelegatingMethodAccessorImpl.invoke(Unknown Source)
at java.lang.reflect.Method.invoke(Unknown Source)
at org.openqa.selenium.support.events.EventFiringWebDriver.lambda$new$0(EventFiringWebDriver.java:84)
at com.sun.proxy.$Proxy7.onException(Unknown Source)
at org.openqa.selenium.support.events.EventFiringWebDriver.lambda$new$1(EventFiringWebDriver.java:107)
at com.sun.proxy.$Proxy8.getScreenshotAs(Unknown Source)
at org.openqa.selenium.support.events.EventFiringWebDriver.getScreenshotAs(EventFiringWebDriver.java:302)
at crm.qa.util.TestUtil.takeScreenshotAtEndOfTest(TestUtil.java:65)
at crm.qa.util.WebEventListener.onException(WebEventListener.java:68)
at sun.reflect.GeneratedMethodAccessor11.invoke(Unknown Source)
at sun.reflect.DelegatingMethodAccessorImpl.invoke(Unknown Source)
at java.lang.reflect.Method.invoke(Unknown Source)
at org.openqa.selenium.support.events.EventFiringWebDriver.lambda$new$0(EventFiringWebDriver.java:84)
at com.sun.proxy.$Proxy7.onException(Unknown Source)
at org.openqa.selenium.support.events.EventFiringWebDriver.lambda$new$1(EventFiringWebDriver.java:107)
at com.sun.proxy.$Proxy8.getScreenshotAs(Unknown Source)
at org.openqa.selenium.support.events.EventFiringWebDriver.getScreenshotAs(EventFiringWebDriver.java:302)
at crm.qa.util.TestUtil.takeScreenshotAtEndOfTest(TestUtil.java:65)
at crm.qa.util.WebEventListener.onException(WebEventListener.java:68)
at sun.reflect.GeneratedMethodAccessor11.invoke(Unknown Source)
at sun.reflect.DelegatingMethodAccessorImpl.invoke(Unknown Source)
at java.lang.reflect.Method.invoke(Unknown Source)
at org.openqa.selenium.support.events.EventFiringWebDriver.lambda$new$0(EventFiringWebDriver.java:84)
at com.sun.proxy.$Proxy7.onException(Unknown Source)
at org.openqa.selenium.support.events.EventFiringWebDriver.lambda$new$1(EventFiringWebDriver.java:107)
at com.sun.proxy.$Proxy8.getScreenshotAs(Unknown Source)
at org.openqa.selenium.support.events.EventFiringWebDriver.getScreenshotAs(EventFiringWebDriver.java:302)
at crm.qa.util.TestUtil.takeScreenshotAtEndOfTest(TestUtil.java:65)
at crm.qa.util.WebEventListener.onException(WebEventListener.java:68)
at sun.reflect.GeneratedMethodAccessor11.invoke(Unknown Source)
at sun.reflect.DelegatingMethodAccessorImpl.invoke(Unknown Source)
at java.lang.reflect.Method.invoke(Unknown Source)
at org.openqa.selenium.support.events.EventFiringWebDriver.lambda$new$0(EventFiringWebDriver.java:84)
at com.sun.proxy.$Proxy7.onException(Unknown Source)
at org.openqa.selenium.support.events.EventFiringWebDriver.lambda$new$1(EventFiringWebDriver.java:107)
at com.sun.proxy.$Proxy8.getScreenshotAs(Unknown Source)
at org.openqa.selenium.support.events.EventFiringWebDriver.getScreenshotAs(EventFiringWebDriver.java:302)
at crm.qa.util.TestUtil.takeScreenshotAtEndOfTest(TestUtil.java:65)
at crm.qa.util.WebEventListener.onException(WebEventListener.java:68)
at sun.reflect.GeneratedMethodAccessor11.invoke(Unknown Source)
at sun.reflect.DelegatingMethodAccessorImpl.invoke(Unknown Source)
at java.lang.reflect.Method.invoke(Unknown Source)
at org.openqa.selenium.support.events.EventFiringWebDriver.lambda$new$0(EventFiringWebDriver.java:84)
at com.sun.proxy.$Proxy7.onException(Unknown Source)
at org.openqa.selenium.support.events.EventFiringWebDriver.lambda$new$1(EventFiringWebDriver.java:107)
at com.sun.proxy.$Proxy8.getScreenshotAs(Unknown Source)
at org.openqa.selenium.support.events.EventFiringWebDriver.getScreenshotAs(EventFiringWebDriver.java:302)
at crm.qa.util.TestUtil.takeScreenshotAtEndOfTest(TestUtil.java:65)
at crm.qa.util.WebEventListener.onException(WebEventListener.java:68)
at sun.reflect.GeneratedMethodAccessor11.invoke(Unknown Source)
at sun.reflect.DelegatingMethodAccessorImpl.invoke(Unknown Source)
at java.lang.reflect.Method.invoke(Unknown Source)
at org.openqa.selenium.support.events.EventFiringWebDriver.lambda$new$0(EventFiringWebDriver.java:84)
at com.sun.proxy.$Proxy7.onException(Unknown Source)
at org.openqa.selenium.support.events.EventFiringWebDriver.lambda$new$1(EventFiringWebDriver.java:107)
at com.sun.proxy.$Proxy8.getScreenshotAs(Unknown Source)
at org.openqa.selenium.support.events.EventFiringWebDriver.getScreenshotAs(EventFiringWebDriver.java:302)
at crm.qa.util.TestUtil.takeScreenshotAtEndOfTest(TestUtil.java:65)
at crm.qa.util.WebEventListener.onException(WebEventListener.java:68)
at sun.reflect.GeneratedMethodAccessor11.invoke(Unknown Source)
at sun.reflect.DelegatingMethodAccessorImpl.invoke(Unknown Source)
at java.lang.reflect.Method.invoke(Unknown Source)
at org.openqa.selenium.support.events.EventFiringWebDriver.lambda$new$0(EventFiringWebDriver.java:84)
at com.sun.proxy.$Proxy7.onException(Unknown Source)
at org.openqa.selenium.support.events.EventFiringWebDriver.lambda$new$1(EventFiringWebDriver.java:107)
at com.sun.proxy.$Proxy8.getScreenshotAs(Unknown Source)
at org.openqa.selenium.support.events.EventFiringWebDriver.getScreenshotAs(EventFiringWebDriver.java:302)
at crm.qa.util.TestUtil.takeScreenshotAtEndOfTest(TestUtil.java:65)
at crm.qa.util.WebEventListener.onException(WebEventListener.java:68)
at sun.reflect.GeneratedMethodAccessor11.invoke(Unknown Source)
at sun.reflect.DelegatingMethodAccessorImpl.invoke(Unknown Source)
at java.lang.reflect.Method.invoke(Unknown Source)
at org.openqa.selenium.support.events.EventFiringWebDriver.lambda$new$0(EventFiringWebDriver.java:84)
at com.sun.proxy.$Proxy7.onException(Unknown Source)
at org.openqa.selenium.support.events.EventFiringWebDriver.lambda$new$1(EventFiringWebDriver.java:107)
at com.sun.proxy.$Proxy8.getScreenshotAs(Unknown Source)
at org.openqa.selenium.support.events.EventFiringWebDriver.getScreenshotAs(EventFiringWebDriver.java:302)
at crm.qa.util.TestUtil.takeScreenshotAtEndOfTest(TestUtil.java:65)
at crm.qa.util.WebEventListener.onException(WebEventListener.java:68)
at sun.reflect.GeneratedMethodAccessor11.invoke(Unknown Source)
at sun.reflect.DelegatingMethodAccessorImpl.invoke(Unknown Source)
at java.lang.reflect.Method.invoke(Unknown Source)
at org.openqa.selenium.support.events.EventFiringWebDriver.lambda$new$0(EventFiringWebDriver.java:84)
at com.sun.proxy.$Proxy7.onException(Unknown Source)
at org.openqa.selenium.support.events.EventFiringWebDriver.lambda$new$1(EventFiringWebDriver.java:107)
at com.sun.proxy.$Proxy8.getScreenshotAs(Unknown Source)
at org.openqa.selenium.support.events.EventFiringWebDriver.getScreenshotAs(EventFiringWebDriver.java:302)
at crm.qa.util.TestUtil.takeScreenshotAtEndOfTest(TestUtil.java:65)
at crm.qa.util.WebEventListener.onException(WebEventListener.java:68)
at sun.reflect.GeneratedMethodAccessor11.invoke(Unknown Source)
at sun.reflect.DelegatingMethodAccessorImpl.invoke(Unknown Source)
at java.lang.reflect.Method.invoke(Unknown Source)
at org.openqa.selenium.support.events.EventFiringWebDriver.lambda$new$0(EventFiringWebDriver.java:84)
at com.sun.proxy.$Proxy7.onException(Unknown Source)
at org.openqa.selenium.support.events.EventFiringWebDriver.lambda$new$1(EventFiringWebDriver.java:107)
at com.sun.proxy.$Proxy8.getScreenshotAs(Unknown Source)
at org.openqa.selenium.support.events.EventFiringWebDriver.getScreenshotAs(EventFiringWebDriver.java:302)
at crm.qa.util.TestUtil.takeScreenshotAtEndOfTest(TestUtil.java:65)
at crm.qa.util.WebEventListener.onException(WebEventListener.java:68)
at sun.reflect.GeneratedMethodAccessor11.invoke(Unknown Source)
at sun.reflect.DelegatingMethodAccessorImpl.invoke(Unknown Source)
at java.lang.reflect.Method.invoke(Unknown Source)
at org.openqa.selenium.support.events.EventFiringWebDriver.lambda$new$0(EventFiringWebDriver.java:84)
at com.sun.proxy.$Proxy7.onException(Unknown Source)
at org.openqa.selenium.support.events.EventFiringWebDriver.lambda$new$1(EventFiringWebDriver.java:107)
at com.sun.proxy.$Proxy8.getScreenshotAs(Unknown Source)
at org.openqa.selenium.support.events.EventFiringWebDriver.getScreenshotAs(EventFiringWebDriver.java:302)
at crm.qa.util.TestUtil.takeScreenshotAtEndOfTest(TestUtil.java:65)
at crm.qa.util.WebEventListener.onException(WebEventListener.java:68)
at sun.reflect.GeneratedMethodAccessor11.invoke(Unknown Source)
at sun.reflect.DelegatingMethodAccessorImpl.invoke(Unknown Source)
at java.lang.reflect.Method.invoke(Unknown Source)
at org.openqa.selenium.support.events.EventFiringWebDriver.lambda$new$0(EventFiringWebDriver.java:84)
at com.sun.proxy.$Proxy7.onException(Unknown Source)
at org.openqa.selenium.support.events.EventFiringWebDriver.lambda$new$1(EventFiringWebDriver.java:107)
at com.sun.proxy.$Proxy8.getScreenshotAs(Unknown Source)
at org.openqa.selenium.support.events.EventFiringWebDriver.getScreenshotAs(EventFiringWebDriver.java:302)
at crm.qa.util.TestUtil.takeScreenshotAtEndOfTest(TestUtil.java:65)
at crm.qa.util.WebEventListener.onException(WebEventListener.java:68)
at sun.reflect.GeneratedMethodAccessor11.invoke(Unknown Source)
at sun.reflect.DelegatingMethodAccessorImpl.invoke(Unknown Source)
at java.lang.reflect.Method.invoke(Unknown Source)
at org.openqa.selenium.support.events.EventFiringWebDriver.lambda$new$0(EventFiringWebDriver.java:84)
at com.sun.proxy.$Proxy7.onException(Unknown Source)
at org.openqa.selenium.support.events.EventFiringWebDriver.lambda$new$1(EventFiringWebDriver.java:107)
at com.sun.proxy.$Proxy8.getScreenshotAs(Unknown Source)
at org.openqa.selenium.support.events.EventFiringWebDriver.getScreenshotAs(EventFiringWebDriver.java:302)
at crm.qa.util.TestUtil.takeScreenshotAtEndOfTest(TestUtil.java:65)
at crm.qa.util.WebEventListener.onException(WebEventListener.java:68)
at sun.reflect.GeneratedMethodAccessor11.invoke(Unknown Source)
at sun.reflect.DelegatingMethodAccessorImpl.invoke(Unknown Source)
at java.lang.reflect.Method.invoke(Unknown Source)
at org.openqa.selenium.support.events.EventFiringWebDriver.lambda$new$0(EventFiringWebDriver.java:84)
at com.sun.proxy.$Proxy7.onException(Unknown Source)
at org.openqa.selenium.support.events.EventFiringWebDriver.lambda$new$1(EventFiringWebDriver.java:107)
at com.sun.proxy.$Proxy8.getScreenshotAs(Unknown Source)
at org.openqa.selenium.support.events.EventFiringWebDriver.getScreenshotAs(EventFiringWebDriver.java:302)
at crm.qa.util.TestUtil.takeScreenshotAtEndOfTest(TestUtil.java:65)
at crm.qa.util.WebEventListener.onException(WebEventListener.java:68)
at sun.reflect.GeneratedMethodAccessor11.invoke(Unknown Source)
at sun.reflect.DelegatingMethodAccessorImpl.invoke(Unknown Source)
at java.lang.reflect.Method.invoke(Unknown Source)
at org.openqa.selenium.support.events.EventFiringWebDriver.lambda$new$0(EventFiringWebDriver.java:84)
at com.sun.proxy.$Proxy7.onException(Unknown Source)
at org.openqa.selenium.support.events.EventFiringWebDriver.lambda$new$1(EventFiringWebDriver.java:107)
at com.sun.proxy.$Proxy8.getScreenshotAs(Unknown Source)
at org.openqa.selenium.support.events.EventFiringWebDriver.getScreenshotAs(EventFiringWebDriver.java:302)
at crm.qa.util.TestUtil.takeScreenshotAtEndOfTest(TestUtil.java:65)
at crm.qa.util.WebEventListener.onException(WebEventListener.java:68)
at sun.reflect.GeneratedMethodAccessor11.invoke(Unknown Source)
at sun.reflect.DelegatingMethodAccessorImpl.invoke(Unknown Source)
at java.lang.reflect.Method.invoke(Unknown Source)
at org.openqa.selenium.support.events.EventFiringWebDriver.lambda$new$0(EventFiringWebDriver.java:84)
at com.sun.proxy.$Proxy7.onException(Unknown Source)
at org.openqa.selenium.support.events.EventFiringWebDriver.lambda$new$1(EventFiringWebDriver.java:107)
at com.sun.proxy.$Proxy8.getScreenshotAs(Unknown Source)
at org.openqa.selenium.support.events.EventFiringWebDriver.getScreenshotAs(EventFiringWebDriver.java:302)
at crm.qa.util.TestUtil.takeScreenshotAtEndOfTest(TestUtil.java:65)
at crm.qa.util.WebEventListener.onException(WebEventListener.java:68)
at sun.reflect.GeneratedMethodAccessor11.invoke(Unknown Source)
at sun.reflect.DelegatingMethodAccessorImpl.invoke(Unknown Source)
at java.lang.reflect.Method.invoke(Unknown Source)
at org.openqa.selenium.support.events.EventFiringWebDriver.lambda$new$0(EventFiringWebDriver.java:84)
at com.sun.proxy.$Proxy7.onException(Unknown Source)
at org.openqa.selenium.support.events.EventFiringWebDriver.lambda$new$1(EventFiringWebDriver.java:107)
at com.sun.proxy.$Proxy8.getScreenshotAs(Unknown Source)
at org.openqa.selenium.support.events.EventFiringWebDriver.getScreenshotAs(EventFiringWebDriver.java:302)
at crm.qa.util.TestUtil.takeScreenshotAtEndOfTest(TestUtil.java:65)
at crm.qa.util.WebEventListener.onException(WebEventListener.java:68)
at sun.reflect.GeneratedMethodAccessor11.invoke(Unknown Source)
at sun.reflect.DelegatingMethodAccessorImpl.invoke(Unknown Source)
at java.lang.reflect.Method.invoke(Unknown Source)
at org.openqa.selenium.support.events.EventFiringWebDriver.lambda$new$0(EventFiringWebDriver.java:84)
at com.sun.proxy.$Proxy7.onException(Unknown Source)
at org.openqa.selenium.support.events.EventFiringWebDriver.lambda$new$1(EventFiringWebDriver.java:107)
at com.sun.proxy.$Proxy8.getScreenshotAs(Unknown Source)
at org.openqa.selenium.support.events.EventFiringWebDriver.getScreenshotAs(EventFiringWebDriver.java:302)
at crm.qa.util.TestUtil.takeScreenshotAtEndOfTest(TestUtil.java:65)
at crm.qa.util.WebEventListener.onException(WebEventListener.java:68)
at sun.reflect.GeneratedMethodAccessor11.invoke(Unknown Source)
at sun.reflect.DelegatingMethodAccessorImpl.invoke(Unknown Source)
at java.lang.reflect.Method.invoke(Unknown Source)
at org.openqa.selenium.support.events.EventFiringWebDriver.lambda$new$0(EventFiringWebDriver.java:84)
at com.sun.proxy.$Proxy7.onException(Unknown Source)
at org.openqa.selenium.support.events.EventFiringWebDriver.lambda$new$1(EventFiringWebDriver.java:107)
at com.sun.proxy.$Proxy8.getScreenshotAs(Unknown Source)
at org.openqa.selenium.support.events.EventFiringWebDriver.getScreenshotAs(EventFiringWebDriver.java:302)
at crm.qa.util.TestUtil.takeScreenshotAtEndOfTest(TestUtil.java:65)
at crm.qa.util.WebEventListener.onException(WebEventListener.java:68)
at sun.reflect.GeneratedMethodAccessor11.invoke(Unknown Source)
at sun.reflect.DelegatingMethodAccessorImpl.invoke(Unknown Source)
at java.lang.reflect.Method.invoke(Unknown Source)
at org.openqa.selenium.support.events.EventFiringWebDriver.lambda$new$0(EventFiringWebDriver.java:84)
at com.sun.proxy.$Proxy7.onException(Unknown Source)
at org.openqa.selenium.support.events.EventFiringWebDriver.lambda$new$1(EventFiringWebDriver.java:107)
at com.sun.proxy.$Proxy8.getScreenshotAs(Unknown Source)
at org.openqa.selenium.support.events.EventFiringWebDriver.getScreenshotAs(EventFiringWebDriver.java:302)
at crm.qa.util.TestUtil.takeScreenshotAtEndOfTest(TestUtil.java:65)
at crm.qa.util.WebEventListener.onException(WebEventListener.java:68)
at sun.reflect.GeneratedMethodAccessor11.invoke(Unknown Source)
at sun.reflect.DelegatingMethodAccessorImpl.invoke(Unknown Source)
at java.lang.reflect.Method.invoke(Unknown Source)
at org.openqa.selenium.support.events.EventFiringWebDriver.lambda$new$0(EventFiringWebDriver.java:84)
at com.sun.proxy.$Proxy7.onException(Unknown Source)
at org.openqa.selenium.support.events.EventFiringWebDriver.lambda$new$1(EventFiringWebDriver.java:107)
at com.sun.proxy.$Proxy8.getScreenshotAs(Unknown Source)
at org.openqa.selenium.support.events.EventFiringWebDriver.getScreenshotAs(EventFiringWebDriver.java:302)
at crm.qa.util.TestUtil.takeScreenshotAtEndOfTest(TestUtil.java:65)
at crm.qa.util.WebEventListener.onException(WebEventListener.java:68)
at sun.reflect.GeneratedMethodAccessor11.invoke(Unknown Source)
at sun.reflect.DelegatingMethodAccessorImpl.invoke(Unknown Source)
at java.lang.reflect.Method.invoke(Unknown Source)
at org.openqa.selenium.support.events.EventFiringWebDriver.lambda$new$0(EventFiringWebDriver.java:84)
at com.sun.proxy.$Proxy7.onException(Unknown Source)
at org.openqa.selenium.support.events.EventFiringWebDriver.lambda$new$1(EventFiringWebDriver.java:107)
at com.sun.proxy.$Proxy8.getScreenshotAs(Unknown Source)
at org.openqa.selenium.support.events.EventFiringWebDriver.getScreenshotAs(EventFiringWebDriver.java:302)
at crm.qa.util.TestUtil.takeScreenshotAtEndOfTest(TestUtil.java:65)
at crm.qa.util.WebEventListener.onException(WebEventListener.java:68)
at sun.reflect.GeneratedMethodAccessor11.invoke(Unknown Source)
at sun.reflect.DelegatingMethodAccessorImpl.invoke(Unknown Source)
at java.lang.reflect.Method.invoke(Unknown Source)
at org.openqa.selenium.support.events.EventFiringWebDriver.lambda$new$0(EventFiringWebDriver.java:84)
at com.sun.proxy.$Proxy7.onException(Unknown Source)
at org.openqa.selenium.support.events.EventFiringWebDriver.lambda$new$1(EventFiringWebDriver.java:107)
at com.sun.proxy.$Proxy8.getScreenshotAs(Unknown Source)
at org.openqa.selenium.support.events.EventFiringWebDriver.getScreenshotAs(EventFiringWebDriver.java:302)
at crm.qa.util.TestUtil.takeScreenshotAtEndOfTest(TestUtil.java:65)
at crm.qa.util.WebEventListener.onException(WebEventListener.java:68)
at sun.reflect.GeneratedMethodAccessor11.invoke(Unknown Source)
at sun.reflect.DelegatingMethodAccessorImpl.invoke(Unknown Source)
at java.lang.reflect.Method.invoke(Unknown Source)
at org.openqa.selenium.support.events.EventFiringWebDriver.lambda$new$0(EventFiringWebDriver.java:84)
at com.sun.proxy.$Proxy7.onException(Unknown Source)
at org.openqa.selenium.support.events.EventFiringWebDriver.lambda$new$1(EventFiringWebDriver.java:107)
at com.sun.proxy.$Proxy8.getScreenshotAs(Unknown Source)
at org.openqa.selenium.support.events.EventFiringWebDriver.getScreenshotAs(EventFiringWebDriver.java:302)
at crm.qa.util.TestUtil.takeScreenshotAtEndOfTest(TestUtil.java:65)
at crm.qa.util.WebEventListener.onException(WebEventListener.java:68)
at sun.reflect.GeneratedMethodAccessor11.invoke(Unknown Source)
at sun.reflect.DelegatingMethodAccessorImpl.invoke(Unknown Source)
at java.lang.reflect.Method.invoke(Unknown Source)
at org.openqa.selenium.support.events.EventFiringWebDriver.lambda$new$0(EventFiringWebDriver.java:84)
at com.sun.proxy.$Proxy7.onException(Unknown Source)
at org.openqa.selenium.support.events.EventFiringWebDriver.lambda$new$1(EventFiringWebDriver.java:107)
at com.sun.proxy.$Proxy8.getScreenshotAs(Unknown Source)
at org.openqa.selenium.support.events.EventFiringWebDriver.getScreenshotAs(EventFiringWebDriver.java:302)
at crm.qa.util.TestUtil.takeScreenshotAtEndOfTest(TestUtil.java:65)
at crm.qa.util.WebEventListener.onException(WebEventListener.java:68)
at sun.reflect.GeneratedMethodAccessor11.invoke(Unknown Source)
at sun.reflect.DelegatingMethodAccessorImpl.invoke(Unknown Source)
at java.lang.reflect.Method.invoke(Unknown Source)
at org.openqa.selenium.support.events.EventFiringWebDriver.lambda$new$0(EventFiringWebDriver.java:84)
at com.sun.proxy.$Proxy7.onException(Unknown Source)
at org.openqa.selenium.support.events.EventFiringWebDriver.lambda$new$1(EventFiringWebDriver.java:107)
at com.sun.proxy.$Proxy8.getScreenshotAs(Unknown Source)
at org.openqa.selenium.support.events.EventFiringWebDriver.getScreenshotAs(EventFiringWebDriver.java:302)
at crm.qa.util.TestUtil.takeScreenshotAtEndOfTest(TestUtil.java:65)
at crm.qa.util.WebEventListener.onException(WebEventListener.java:68)
at sun.reflect.GeneratedMethodAccessor11.invoke(Unknown Source)
at sun.reflect.DelegatingMethodAccessorImpl.invoke(Unknown Source)
at java.lang.reflect.Method.invoke(Unknown Source)
at org.openqa.selenium.support.events.EventFiringWebDriver.lambda$new$0(EventFiringWebDriver.java:84)
at com.sun.proxy.$Proxy7.onException(Unknown Source)
at org.openqa.selenium.support.events.EventFiringWebDriver.lambda$new$1(EventFiringWebDriver.java:107)
at com.sun.proxy.$Proxy8.getScreenshotAs(Unknown Source)
at org.openqa.selenium.support.events.EventFiringWebDriver.getScreenshotAs(EventFiringWebDriver.java:302)
at crm.qa.util.TestUtil.takeScreenshotAtEndOfTest(TestUtil.java:65)
at crm.qa.util.WebEventListener.onException(WebEventListener.java:68)
at sun.reflect.GeneratedMethodAccessor11.invoke(Unknown Source)
at sun.reflect.DelegatingMethodAccessorImpl.invoke(Unknown Source)
at java.lang.reflect.Method.invoke(Unknown Source)
at org.openqa.selenium.support.events.EventFiringWebDriver.lambda$new$0(EventFiringWebDriver.java:84)
at com.sun.proxy.$Proxy7.onException(Unknown Source)
at org.openqa.selenium.support.events.EventFiringWebDriver.lambda$new$1(EventFiringWebDriver.java:107)
at com.sun.proxy.$Proxy8.getScreenshotAs(Unknown Source)
at org.openqa.selenium.support.events.EventFiringWebDriver.getScreenshotAs(EventFiringWebDriver.java:302)
at crm.qa.util.TestUtil.takeScreenshotAtEndOfTest(TestUtil.java:65)
at crm.qa.util.WebEventListener.onException(WebEventListener.java:68)
at sun.reflect.GeneratedMethodAccessor11.invoke(Unknown Source)
at sun.reflect.DelegatingMethodAccessorImpl.invoke(Unknown Source)
at java.lang.reflect.Method.invoke(Unknown Source)
at org.openqa.selenium.support.events.EventFiringWebDriver.lambda$new$0(EventFiringWebDriver.java:84)
at com.sun.proxy.$Proxy7.onException(Unknown Source)
at org.openqa.selenium.support.events.EventFiringWebDriver.lambda$new$1(EventFiringWebDriver.java:107)
at com.sun.proxy.$Proxy8.getScreenshotAs(Unknown Source)
at org.openqa.selenium.support.events.EventFiringWebDriver.getScreenshotAs(EventFiringWebDriver.java:302)
at crm.qa.util.TestUtil.takeScreenshotAtEndOfTest(TestUtil.java:65)
at crm.qa.util.WebEventListener.onException(WebEventListener.java:68)
at sun.reflect.GeneratedMethodAccessor11.invoke(Unknown Source)
at sun.reflect.DelegatingMethodAccessorImpl.invoke(Unknown Source)
at java.lang.reflect.Method.invoke(Unknown Source)
at org.openqa.selenium.support.events.EventFiringWebDriver.lambda$new$0(EventFiringWebDriver.java:84)
at com.sun.proxy.$Proxy7.onException(Unknown Source)
at org.openqa.selenium.support.events.EventFiringWebDriver.lambda$new$1(EventFiringWebDriver.java:107)
at com.sun.proxy.$Proxy8.getScreenshotAs(Unknown Source)
at org.openqa.selenium.support.events.EventFiringWebDriver.getScreenshotAs(EventFiringWebDriver.java:302)
at crm.qa.util.TestUtil.takeScreenshotAtEndOfTest(TestUtil.java:65)
at crm.qa.util.WebEventListener.onException(WebEventListener.java:68)
at sun.reflect.GeneratedMethodAccessor11.invoke(Unknown Source)
at sun.reflect.DelegatingMethodAccessorImpl.invoke(Unknown Source)
at java.lang.reflect.Method.invoke(Unknown Source)
at org.openqa.selenium.support.events.EventFiringWebDriver.lambda$new$0(EventFiringWebDriver.java:84)
at com.sun.proxy.$Proxy7.onException(Unknown Source)
at org.openqa.selenium.support.events.EventFiringWebDriver.lambda$new$1(EventFiringWebDriver.java:107)
at com.sun.proxy.$Proxy8.getScreenshotAs(Unknown Source)
at org.openqa.selenium.support.events.EventFiringWebDriver.getScreenshotAs(EventFiringWebDriver.java:302)
at crm.qa.util.TestUtil.takeScreenshotAtEndOfTest(TestUtil.java:65)
at crm.qa.util.WebEventListener.onException(WebEventListener.java:68)
at sun.reflect.GeneratedMethodAccessor11.invoke(Unknown Source)
at sun.reflect.DelegatingMethodAccessorImpl.invoke(Unknown Source)
at java.lang.reflect.Method.invoke(Unknown Source)
at org.openqa.selenium.support.events.EventFiringWebDriver.lambda$new$0(EventFiringWebDriver.java:84)
at com.sun.proxy.$Proxy7.onException(Unknown Source)
at org.openqa.selenium.support.events.EventFiringWebDriver.lambda$new$1(EventFiringWebDriver.java:107)
at com.sun.proxy.$Proxy8.getScreenshotAs(Unknown Source)
at org.openqa.selenium.support.events.EventFiringWebDriver.getScreenshotAs(EventFiringWebDriver.java:302)
at crm.qa.util.TestUtil.takeScreenshotAtEndOfTest(TestUtil.java:65)
at crm.qa.util.WebEventListener.onException(WebEventListener.java:68)
at sun.reflect.GeneratedMethodAccessor11.invoke(Unknown Source)
at sun.reflect.DelegatingMethodAccessorImpl.invoke(Unknown Source)
at java.lang.reflect.Method.invoke(Unknown Source)
at org.openqa.selenium.support.events.EventFiringWebDriver.lambda$new$0(EventFiringWebDriver.java:84)
at com.sun.proxy.$Proxy7.onException(Unknown Source)
at org.openqa.selenium.support.events.EventFiringWebDriver.lambda$new$1(EventFiringWebDriver.java:107)
at com.sun.proxy.$Proxy8.getScreenshotAs(Unknown Source)
at org.openqa.selenium.support.events.EventFiringWebDriver.getScreenshotAs(EventFiringWebDriver.java:302)
at crm.qa.util.TestUtil.takeScreenshotAtEndOfTest(TestUtil.java:65)
at crm.qa.util.WebEventListener.onException(WebEventListener.java:68)
at sun.reflect.GeneratedMethodAccessor11.invoke(Unknown Source)
at sun.reflect.DelegatingMethodAccessorImpl.invoke(Unknown Source)
at java.lang.reflect.Method.invoke(Unknown Source)
at org.openqa.selenium.support.events.EventFiringWebDriver.lambda$new$0(EventFiringWebDriver.java:84)
at com.sun.proxy.$Proxy7.onException(Unknown Source)
at org.openqa.selenium.support.events.EventFiringWebDriver.lambda$new$1(EventFiringWebDriver.java:107)
at com.sun.proxy.$Proxy8.getScreenshotAs(Unknown Source)
at org.openqa.selenium.support.events.EventFiringWebDriver.getScreenshotAs(EventFiringWebDriver.java:302)
at crm.qa.util.TestUtil.takeScreenshotAtEndOfTest(TestUtil.java:65)
at crm.qa.util.WebEventListener.onException(WebEventListener.java:68)
at sun.reflect.GeneratedMethodAccessor11.invoke(Unknown Source)
at sun.reflect.DelegatingMethodAccessorImpl.invoke(Unknown Source)
at java.lang.reflect.Method.invoke(Unknown Source)
at org.openqa.selenium.support.events.EventFiringWebDriver.lambda$new$0(EventFiringWebDriver.java:84)
at com.sun.proxy.$Proxy7.onException(Unknown Source)
at org.openqa.selenium.support.events.EventFiringWebDriver.lambda$new$1(EventFiringWebDriver.java:107)
at com.sun.proxy.$Proxy8.getScreenshotAs(Unknown Source)
at org.openqa.selenium.support.events.EventFiringWebDriver.getScreenshotAs(EventFiringWebDriver.java:302)
at crm.qa.util.TestUtil.takeScreenshotAtEndOfTest(TestUtil.java:65)
at crm.qa.util.WebEventListener.onException(WebEventListener.java:68)
at sun.reflect.GeneratedMethodAccessor11.invoke(Unknown Source)
at sun.reflect.DelegatingMethodAccessorImpl.invoke(Unknown Source)
at java.lang.reflect.Method.invoke(Unknown Source)
at org.openqa.selenium.support.events.EventFiringWebDriver.lambda$new$0(EventFiringWebDriver.java:84)
at com.sun.proxy.$Proxy7.onException(Unknown Source)
at org.openqa.selenium.support.events.EventFiringWebDriver.lambda$new$1(EventFiringWebDriver.java:107)
at com.sun.proxy.$Proxy8.getScreenshotAs(Unknown Source)
at org.openqa.selenium.support.events.EventFiringWebDriver.getScreenshotAs(EventFiringWebDriver.java:302)
at crm.qa.util.TestUtil.takeScreenshotAtEndOfTest(TestUtil.java:65)
at crm.qa.util.WebEventListener.onException(WebEventListener.java:68)
at sun.reflect.GeneratedMethodAccessor11.invoke(Unknown Source)
at sun.reflect.DelegatingMethodAccessorImpl.invoke(Unknown Source)
at java.lang.reflect.Method.invoke(Unknown Source)
at org.openqa.selenium.support.events.EventFiringWebDriver.lambda$new$0(EventFiringWebDriver.java:84)
at com.sun.proxy.$Proxy7.onException(Unknown Source)
at org.openqa.selenium.support.events.EventFiringWebDriver.lambda$new$1(EventFiringWebDriver.java:107)
at com.sun.proxy.$Proxy8.getScreenshotAs(Unknown Source)
at org.openqa.selenium.support.events.EventFiringWebDriver.getScreenshotAs(EventFiringWebDriver.java:302)
at crm.qa.util.TestUtil.takeScreenshotAtEndOfTest(TestUtil.java:65)
at crm.qa.util.WebEventListener.onException(WebEventListener.java:68)
at sun.reflect.GeneratedMethodAccessor11.invoke(Unknown Source)
at sun.reflect.DelegatingMethodAccessorImpl.invoke(Unknown Source)
at java.lang.reflect.Method.invoke(Unknown Source)
at org.openqa.selenium.support.events.EventFiringWebDriver.lambda$new$0(EventFiringWebDriver.java:84)
at com.sun.proxy.$Proxy7.onException(Unknown Source)
at org.openqa.selenium.support.events.EventFiringWebDriver.lambda$new$1(EventFiringWebDriver.java:107)
at com.sun.proxy.$Proxy8.getScreenshotAs(Unknown Source)
at org.openqa.selenium.support.events.EventFiringWebDriver.getScreenshotAs(EventFiringWebDriver.java:302)
at crm.qa.util.TestUtil.takeScreenshotAtEndOfTest(TestUtil.java:65)
at crm.qa.util.WebEventListener.onException(WebEventListener.java:68)
at sun.reflect.GeneratedMethodAccessor11.invoke(Unknown Source)
at sun.reflect.DelegatingMethodAccessorImpl.invoke(Unknown Source)
at java.lang.reflect.Method.invoke(Unknown Source)
at org.openqa.selenium.support.events.EventFiringWebDriver.lambda$new$0(EventFiringWebDriver.java:84)
at com.sun.proxy.$Proxy7.onException(Unknown Source)
at org.openqa.selenium.support.events.EventFiringWebDriver.lambda$new$1(EventFiringWebDriver.java:107)
at com.sun.proxy.$Proxy8.getScreenshotAs(Unknown Source)
at org.openqa.selenium.support.events.EventFiringWebDriver.getScreenshotAs(EventFiringWebDriver.java:302)
at crm.qa.util.TestUtil.takeScreenshotAtEndOfTest(TestUtil.java:65)
at crm.qa.util.WebEventListener.onException(WebEventListener.java:68)
at sun.reflect.GeneratedMethodAccessor11.invoke(Unknown Source)
at sun.reflect.DelegatingMethodAccessorImpl.invoke(Unknown Source)
at java.lang.reflect.Method.invoke(Unknown Source)
at org.openqa.selenium.support.events.EventFiringWebDriver.lambda$new$0(EventFiringWebDriver.java:84)
at com.sun.proxy.$Proxy7.onException(Unknown Source)
at org.openqa.selenium.support.events.EventFiringWebDriver.lambda$new$1(EventFiringWebDriver.java:107)
at com.sun.proxy.$Proxy8.getScreenshotAs(Unknown Source)
at org.openqa.selenium.support.events.EventFiringWebDriver.getScreenshotAs(EventFiringWebDriver.java:302)
at crm.qa.util.TestUtil.takeScreenshotAtEndOfTest(TestUtil.java:65)
at crm.qa.util.WebEventListener.onException(WebEventListener.java:68)
at sun.reflect.GeneratedMethodAccessor11.invoke(Unknown Source)
at sun.reflect.DelegatingMethodAccessorImpl.invoke(Unknown Source)
at java.lang.reflect.Method.invoke(Unknown Source)
at org.openqa.selenium.support.events.EventFiringWebDriver.lambda$new$0(EventFiringWebDriver.java:84)
at com.sun.proxy.$Proxy7.onException(Unknown Source)
at org.openqa.selenium.support.events.EventFiringWebDriver.lambda$new$1(EventFiringWebDriver.java:107)
at com.sun.proxy.$Proxy8.getScreenshotAs(Unknown Source)
at org.openqa.selenium.support.events.EventFiringWebDriver.getScreenshotAs(EventFiringWebDriver.java:302)
at crm.qa.util.TestUtil.takeScreenshotAtEndOfTest(TestUtil.java:65)
at crm.qa.util.WebEventListener.onException(WebEventListener.java:68)
at sun.reflect.GeneratedMethodAccessor11.invoke(Unknown Source)
at sun.reflect.DelegatingMethodAccessorImpl.invoke(Unknown Source)
at java.lang.reflect.Method.invoke(Unknown Source)
at org.openqa.selenium.support.events.EventFiringWebDriver.lambda$new$0(EventFiringWebDriver.java:84)
at com.sun.proxy.$Proxy7.onException(Unknown Source)
at org.openqa.selenium.support.events.EventFiringWebDriver.lambda$new$1(EventFiringWebDriver.java:107)
at com.sun.proxy.$Proxy8.getScreenshotAs(Unknown Source)
at org.openqa.selenium.support.events.EventFiringWebDriver.getScreenshotAs(EventFiringWebDriver.java:302)
at crm.qa.util.TestUtil.takeScreenshotAtEndOfTest(TestUtil.java:65)
at crm.qa.util.WebEventListener.onException(WebEventListener.java:68)
at sun.reflect.GeneratedMethodAccessor11.invoke(Unknown Source)
at sun.reflect.DelegatingMethodAccessorImpl.invoke(Unknown Source)
at java.lang.reflect.Method.invoke(Unknown Source)
at org.openqa.selenium.support.events.EventFiringWebDriver.lambda$new$0(EventFiringWebDriver.java:84)
at com.sun.proxy.$Proxy7.onException(Unknown Source)
at org.openqa.selenium.support.events.EventFiringWebDriver.lambda$new$1(EventFiringWebDriver.java:107)
at com.sun.proxy.$Proxy8.getScreenshotAs(Unknown Source)
at org.openqa.selenium.support.events.EventFiringWebDriver.getScreenshotAs(EventFiringWebDriver.java:302)
at crm.qa.util.TestUtil.takeScreenshotAtEndOfTest(TestUtil.java:65)
at crm.qa.util.WebEventListener.onException(WebEventListener.java:68)
at sun.reflect.GeneratedMethodAccessor11.invoke(Unknown Source)
at sun.reflect.DelegatingMethodAccessorImpl.invoke(Unknown Source)
at java.lang.reflect.Method.invoke(Unknown Source)
at org.openqa.selenium.support.events.EventFiringWebDriver.lambda$new$0(EventFiringWebDriver.java:84)
at com.sun.proxy.$Proxy7.onException(Unknown Source)
at org.openqa.selenium.support.events.EventFiringWebDriver.lambda$new$1(EventFiringWebDriver.java:107)
at com.sun.proxy.$Proxy8.getScreenshotAs(Unknown Source)
at org.openqa.selenium.support.events.EventFiringWebDriver.getScreenshotAs(EventFiringWebDriver.java:302)
at crm.qa.util.TestUtil.takeScreenshotAtEndOfTest(TestUtil.java:65)
at crm.qa.util.WebEventListener.onException(WebEventListener.java:68)
at sun.reflect.GeneratedMethodAccessor11.invoke(Unknown Source)
at sun.reflect.DelegatingMethodAccessorImpl.invoke(Unknown Source)
at java.lang.reflect.Method.invoke(Unknown Source)
at org.openqa.selenium.support.events.EventFiringWebDriver.lambda$new$0(EventFiringWebDriver.java:84)
at com.sun.proxy.$Proxy7.onException(Unknown Source)
at org.openqa.selenium.support.events.EventFiringWebDriver.lambda$new$1(EventFiringWebDriver.java:107)
at com.sun.proxy.$Proxy8.getScreenshotAs(Unknown Source)
at org.openqa.selenium.support.events.EventFiringWebDriver.getScreenshotAs(EventFiringWebDriver.java:302)
at crm.qa.util.TestUtil.takeScreenshotAtEndOfTest(TestUtil.java:65)
at crm.qa.util.WebEventListener.onException(WebEventListener.java:68)
at sun.reflect.GeneratedMethodAccessor11.invoke(Unknown Source)
at sun.reflect.DelegatingMethodAccessorImpl.invoke(Unknown Source)
at java.lang.reflect.Method.invoke(Unknown Source)
at org.openqa.selenium.support.events.EventFiringWebDriver.lambda$new$0(EventFiringWebDriver.java:84)
at com.sun.proxy.$Proxy7.onException(Unknown Source)
at org.openqa.selenium.support.events.EventFiringWebDriver.lambda$new$1(EventFiringWebDriver.java:107)
at com.sun.proxy.$Proxy8.getScreenshotAs(Unknown Source)
at org.openqa.selenium.support.events.EventFiringWebDriver.getScreenshotAs(EventFiringWebDriver.java:302)
at crm.qa.util.TestUtil.takeScreenshotAtEndOfTest(TestUtil.java:65)
at crm.qa.util.WebEventListener.onException(WebEventListener.java:68)
at sun.reflect.GeneratedMethodAccessor11.invoke(Unknown Source)
at sun.reflect.DelegatingMethodAccessorImpl.invoke(Unknown Source)
at java.lang.reflect.Method.invoke(Unknown Source)
at org.openqa.selenium.support.events.EventFiringWebDriver.lambda$new$0(EventFiringWebDriver.java:84)
at com.sun.proxy.$Proxy7.onException(Unknown Source)
at org.openqa.selenium.support.events.EventFiringWebDriver.lambda$new$1(EventFiringWebDriver.java:107)
at com.sun.proxy.$Proxy8.getScreenshotAs(Unknown Source)
at org.openqa.selenium.support.events.EventFiringWebDriver.getScreenshotAs(EventFiringWebDriver.java:302)
at crm.qa.util.TestUtil.takeScreenshotAtEndOfTest(TestUtil.java:65)
at crm.qa.util.WebEventListener.onException(WebEventListener.java:68)
at sun.reflect.GeneratedMethodAccessor11.invoke(Unknown Source)
at sun.reflect.DelegatingMethodAccessorImpl.invoke(Unknown Source)
at java.lang.reflect.Method.invoke(Unknown Source)
at org.openqa.selenium.support.events.EventFiringWebDriver.lambda$new$0(EventFiringWebDriver.java:84)
at com.sun.proxy.$Proxy7.onException(Unknown Source)
at org.openqa.selenium.support.events.EventFiringWebDriver.lambda$new$1(EventFiringWebDriver.java:107)
at com.sun.proxy.$Proxy8.getScreenshotAs(Unknown Source)
at org.openqa.selenium.support.events.EventFiringWebDriver.getScreenshotAs(EventFiringWebDriver.java:302)
at crm.qa.util.TestUtil.takeScreenshotAtEndOfTest(TestUtil.java:65)
at crm.qa.util.WebEventListener.onException(WebEventListener.java:68)
at sun.reflect.GeneratedMethodAccessor11.invoke(Unknown Source)
at sun.reflect.DelegatingMethodAccessorImpl.invoke(Unknown Source)
at java.lang.reflect.Method.invoke(Unknown Source)
at org.openqa.selenium.support.events.EventFiringWebDriver.lambda$new$0(EventFiringWebDriver.java:84)
at com.sun.proxy.$Proxy7.onException(Unknown Source)
at org.openqa.selenium.support.events.EventFiringWebDriver.lambda$new$1(EventFiringWebDriver.java:107)
at com.sun.proxy.$Proxy8.getScreenshotAs(Unknown Source)
at org.openqa.selenium.support.events.EventFiringWebDriver.getScreenshotAs(EventFiringWebDriver.java:302)
at crm.qa.util.TestUtil.takeScreenshotAtEndOfTest(TestUtil.java:65)
at crm.qa.util.WebEventListener.onException(WebEventListener.java:68)
at sun.reflect.GeneratedMethodAccessor11.invoke(Unknown Source)
at sun.reflect.DelegatingMethodAccessorImpl.invoke(Unknown Source)
at java.lang.reflect.Method.invoke(Unknown Source)
at org.openqa.selenium.support.events.EventFiringWebDriver.lambda$new$0(EventFiringWebDriver.java:84)
at com.sun.proxy.$Proxy7.onException(Unknown Source)
at org.openqa.selenium.support.events.EventFiringWebDriver.lambda$new$1(EventFiringWebDriver.java:107)
at com.sun.proxy.$Proxy8.getScreenshotAs(Unknown Source)
at org.openqa.selenium.support.events.EventFiringWebDriver.getScreenshotAs(EventFiringWebDriver.java:302)
at crm.qa.util.TestUtil.takeScreenshotAtEndOfTest(TestUtil.java:65)
at crm.qa.util.WebEventListener.onException(WebEventListener.java:68)
at sun.reflect.GeneratedMethodAccessor11.invoke(Unknown Source)
at sun.reflect.DelegatingMethodAccessorImpl.invoke(Unknown Source)
at java.lang.reflect.Method.invoke(Unknown Source)
at org.openqa.selenium.support.events.EventFiringWebDriver.lambda$new$0(EventFiringWebDriver.java:84)
at com.sun.proxy.$Proxy7.onException(Unknown Source)
at org.openqa.selenium.support.events.EventFiringWebDriver.lambda$new$1(EventFiringWebDriver.java:107)
at com.sun.proxy.$Proxy8.getScreenshotAs(Unknown Source)
at org.openqa.selenium.support.events.EventFiringWebDriver.getScreenshotAs(EventFiringWebDriver.java:302)
at crm.qa.util.TestUtil.takeScreenshotAtEndOfTest(TestUtil.java:65)
at crm.qa.util.WebEventListener.onException(WebEventListener.java:68)
at sun.reflect.GeneratedMethodAccessor11.invoke(Unknown Source)
at sun.reflect.DelegatingMethodAccessorImpl.invoke(Unknown Source)
at java.lang.reflect.Method.invoke(Unknown Source)
at org.openqa.selenium.support.events.EventFiringWebDriver.lambda$new$0(EventFiringWebDriver.java:84)
at com.sun.proxy.$Proxy7.onException(Unknown Source)
at org.openqa.selenium.support.events.EventFiringWebDriver.lambda$new$1(EventFiringWebDriver.java:107)
at com.sun.proxy.$Proxy8.getScreenshotAs(Unknown Source)
at org.openqa.selenium.support.events.EventFiringWebDriver.getScreenshotAs(EventFiringWebDriver.java:302)
at crm.qa.util.TestUtil.takeScreenshotAtEndOfTest(TestUtil.java:65)
at crm.qa.util.WebEventListener.onException(WebEventListener.java:68)
at sun.reflect.GeneratedMethodAccessor11.invoke(Unknown Source)
at sun.reflect.DelegatingMethodAccessorImpl.invoke(Unknown Source)
at java.lang.reflect.Method.invoke(Unknown Source)
at org.openqa.selenium.support.events.EventFiringWebDriver.lambda$new$0(EventFiringWebDriver.java:84)
at com.sun.proxy.$Proxy7.onException(Unknown Source)
at org.openqa.selenium.support.events.EventFiringWebDriver.lambda$new$1(EventFiringWebDriver.java:107)
at com.sun.proxy.$Proxy8.getScreenshotAs(Unknown Source)
at org.openqa.selenium.support.events.EventFiringWebDriver.getScreenshotAs(EventFiringWebDriver.java:302)
at crm.qa.util.TestUtil.takeScreenshotAtEndOfTest(TestUtil.java:65)
at crm.qa.util.WebEventListener.onException(WebEventListener.java:68)
at sun.reflect.GeneratedMethodAccessor11.invoke(Unknown Source)
at sun.reflect.DelegatingMethodAccessorImpl.invoke(Unknown Source)
at java.lang.reflect.Method.invoke(Unknown Source)
at org.openqa.selenium.support.events.EventFiringWebDriver.lambda$new$0(EventFiringWebDriver.java:84)
at com.sun.proxy.$Proxy7.onException(Unknown Source)
at org.openqa.selenium.support.events.EventFiringWebDriver.lambda$new$1(EventFiringWebDriver.java:107)
at com.sun.proxy.$Proxy8.getScreenshotAs(Unknown Source)
at org.openqa.selenium.support.events.EventFiringWebDriver.getScreenshotAs(EventFiringWebDriver.java:302)
at crm.qa.util.TestUtil.takeScreenshotAtEndOfTest(TestUtil.java:65)
at crm.qa.util.WebEventListener.onException(WebEventListener.java:68)
at sun.reflect.GeneratedMethodAccessor11.invoke(Unknown Source)
at sun.reflect.DelegatingMethodAccessorImpl.invoke(Unknown Source)
at java.lang.reflect.Method.invoke(Unknown Source)
at org.openqa.selenium.support.events.EventFiringWebDriver.lambda$new$0(EventFiringWebDriver.java:84)
at com.sun.proxy.$Proxy7.onException(Unknown Source)
at org.openqa.selenium.support.events.EventFiringWebDriver.lambda$new$1(EventFiringWebDriver.java:107)
at com.sun.proxy.$Proxy8.getScreenshotAs(Unknown Source)
at org.openqa.selenium.support.events.EventFiringWebDriver.getScreenshotAs(EventFiringWebDriver.java:302)
at crm.qa.util.TestUtil.takeScreenshotAtEndOfTest(TestUtil.java:65)
at crm.qa.util.WebEventListener.onException(WebEventListener.java:68)
at sun.reflect.GeneratedMethodAccessor11.invoke(Unknown Source)
at sun.reflect.DelegatingMethodAccessorImpl.invoke(Unknown Source)
at java.lang.reflect.Method.invoke(Unknown Source)
at org.openqa.selenium.support.events.EventFiringWebDriver.lambda$new$0(EventFiringWebDriver.java:84)
at com.sun.proxy.$Proxy7.onException(Unknown Source)
at org.openqa.selenium.support.events.EventFiringWebDriver.lambda$new$1(EventFiringWebDriver.java:107)
at com.sun.proxy.$Proxy8.getScreenshotAs(Unknown Source)
at org.openqa.selenium.support.events.EventFiringWebDriver.getScreenshotAs(EventFiringWebDriver.java:302)
at crm.qa.util.TestUtil.takeScreenshotAtEndOfTest(TestUtil.java:65)
at crm.qa.util.WebEventListener.onException(WebEventListener.java:68)
at sun.reflect.GeneratedMethodAccessor11.invoke(Unknown Source)
at sun.reflect.DelegatingMethodAccessorImpl.invoke(Unknown Source)
at java.lang.reflect.Method.invoke(Unknown Source)
at org.openqa.selenium.support.events.EventFiringWebDriver.lambda$new$0(EventFiringWebDriver.java:84)
at com.sun.proxy.$Proxy7.onException(Unknown Source)
at org.openqa.selenium.support.events.EventFiringWebDriver.lambda$new$1(EventFiringWebDriver.java:107)
at com.sun.proxy.$Proxy8.getScreenshotAs(Unknown Source)
at org.openqa.selenium.support.events.EventFiringWebDriver.getScreenshotAs(EventFiringWebDriver.java:302)
at crm.qa.util.TestUtil.takeScreenshotAtEndOfTest(TestUtil.java:65)
at crm.qa.util.WebEventListener.onException(WebEventListener.java:68)
at sun.reflect.GeneratedMethodAccessor11.invoke(Unknown Source)
at sun.reflect.DelegatingMethodAccessorImpl.invoke(Unknown Source)
at java.lang.reflect.Method.invoke(Unknown Source)
at org.openqa.selenium.support.events.EventFiringWebDriver.lambda$new$0(EventFiringWebDriver.java:84)
at com.sun.proxy.$Proxy7.onException(Unknown Source)
at org.openqa.selenium.support.events.EventFiringWebDriver.lambda$new$1(EventFiringWebDriver.java:107)
at com.sun.proxy.$Proxy8.getScreenshotAs(Unknown Source)
at org.openqa.selenium.support.events.EventFiringWebDriver.getScreenshotAs(EventFiringWebDriver.java:302)
at crm.qa.util.TestUtil.takeScreenshotAtEndOfTest(TestUtil.java:65)
at crm.qa.util.WebEventListener.onException(WebEventListener.java:68)
at sun.reflect.GeneratedMethodAccessor11.invoke(Unknown Source)
at sun.reflect.DelegatingMethodAccessorImpl.invoke(Unknown Source)
at java.lang.reflect.Method.invoke(Unknown Source)
at org.openqa.selenium.support.events.EventFiringWebDriver.lambda$new$0(EventFiringWebDriver.java:84)
at com.sun.proxy.$Proxy7.onException(Unknown Source)
at org.openqa.selenium.support.events.EventFiringWebDriver.lambda$new$1(EventFiringWebDriver.java:107)
at com.sun.proxy.$Proxy8.getScreenshotAs(Unknown Source)
at org.openqa.selenium.support.events.EventFiringWebDriver.getScreenshotAs(EventFiringWebDriver.java:302)
at crm.qa.util.TestUtil.takeScreenshotAtEndOfTest(TestUtil.java:65)
at crm.qa.util.WebEventListener.onException(WebEventListener.java:68)
at sun.reflect.GeneratedMethodAccessor11.invoke(Unknown Source)
at sun.reflect.DelegatingMethodAccessorImpl.invoke(Unknown Source)
at java.lang.reflect.Method.invoke(Unknown Source)
at org.openqa.selenium.support.events.EventFiringWebDriver.lambda$new$0(EventFiringWebDriver.java:84)
at com.sun.proxy.$Proxy7.onException(Unknown Source)
at org.openqa.selenium.support.events.EventFiringWebDriver.lambda$new$1(EventFiringWebDriver.java:107)
at com.sun.proxy.$Proxy8.getScreenshotAs(Unknown Source)
at org.openqa.selenium.support.events.EventFiringWebDriver.getScreenshotAs(EventFiringWebDriver.java:302)
at crm.qa.util.TestUtil.takeScreenshotAtEndOfTest(TestUtil.java:65)
at crm.qa.util.WebEventListener.onException(WebEventListener.java:68)
at sun.reflect.GeneratedMethodAccessor11.invoke(Unknown Source)
at sun.reflect.DelegatingMethodAccessorImpl.invoke(Unknown Source)
at java.lang.reflect.Method.invoke(Unknown Source)
at org.openqa.selenium.support.events.EventFiringWebDriver.lambda$new$0(EventFiringWebDriver.java:84)
at com.sun.proxy.$Proxy7.onException(Unknown Source)
at org.openqa.selenium.support.events.EventFiringWebDriver.lambda$new$1(EventFiringWebDriver.java:107)
at com.sun.proxy.$Proxy8.getScreenshotAs(Unknown Source)
at org.openqa.selenium.support.events.EventFiringWebDriver.getScreenshotAs(EventFiringWebDriver.java:302)
at crm.qa.util.TestUtil.takeScreenshotAtEndOfTest(TestUtil.java:65)
at crm.qa.util.WebEventListener.onException(WebEventListener.java:68)
at sun.reflect.GeneratedMethodAccessor11.invoke(Unknown Source)
at sun.reflect.DelegatingMethodAccessorImpl.invoke(Unknown Source)
at java.lang.reflect.Method.invoke(Unknown Source)
at org.openqa.selenium.support.events.EventFiringWebDriver.lambda$new$0(EventFiringWebDriver.java:84)
at com.sun.proxy.$Proxy7.onException(Unknown Source)
at org.openqa.selenium.support.events.EventFiringWebDriver.lambda$new$1(EventFiringWebDriver.java:107)
at com.sun.proxy.$Proxy8.getScreenshotAs(Unknown Source)
at org.openqa.selenium.support.events.EventFiringWebDriver.getScreenshotAs(EventFiringWebDriver.java:302)
at crm.qa.util.TestUtil.takeScreenshotAtEndOfTest(TestUtil.java:65)
at crm.qa.util.WebEventListener.onException(WebEventListener.java:68)
at sun.reflect.GeneratedMethodAccessor11.invoke(Unknown Source)
at sun.reflect.DelegatingMethodAccessorImpl.invoke(Unknown Source)
at java.lang.reflect.Method.invoke(Unknown Source)
at org.openqa.selenium.support.events.EventFiringWebDriver.lambda$new$0(EventFiringWebDriver.java:84)
at com.sun.proxy.$Proxy7.onException(Unknown Source)
at org.openqa.selenium.support.events.EventFiringWebDriver.lambda$new$1(EventFiringWebDriver.java:107)
at com.sun.proxy.$Proxy8.getScreenshotAs(Unknown Source)
at org.openqa.selenium.support.events.EventFiringWebDriver.getScreenshotAs(EventFiringWebDriver.java:302)
at crm.qa.util.TestUtil.takeScreenshotAtEndOfTest(TestUtil.java:65)
at crm.qa.util.WebEventListener.onException(WebEventListener.java:68)
at sun.reflect.GeneratedMethodAccessor11.invoke(Unknown Source)
at sun.reflect.DelegatingMethodAccessorImpl.invoke(Unknown Source)
at java.lang.reflect.Method.invoke(Unknown Source)
at org.openqa.selenium.support.events.EventFiringWebDriver.lambda$new$0(EventFiringWebDriver.java:84)
at com.sun.proxy.$Proxy7.onException(Unknown Source)
at org.openqa.selenium.support.events.EventFiringWebDriver.lambda$new$1(EventFiringWebDriver.java:107)
at com.sun.proxy.$Proxy8.getScreenshotAs(Unknown Source)
at org.openqa.selenium.support.events.EventFiringWebDriver.getScreenshotAs(EventFiringWebDriver.java:302)
at crm.qa.util.TestUtil.takeScreenshotAtEndOfTest(TestUtil.java:65)
at crm.qa.util.WebEventListener.onException(WebEventListener.java:68)
at sun.reflect.GeneratedMethodAccessor11.invoke(Unknown Source)
at sun.reflect.DelegatingMethodAccessorImpl.invoke(Unknown Source)
at java.lang.reflect.Method.invoke(Unknown Source)
at org.openqa.selenium.support.events.EventFiringWebDriver.lambda$new$0(EventFiringWebDriver.java:84)
at com.sun.proxy.$Proxy7.onException(Unknown Source)
at org.openqa.selenium.support.events.EventFiringWebDriver.lambda$new$1(EventFiringWebDriver.java:107)
at com.sun.proxy.$Proxy8.getScreenshotAs(Unknown Source)
at org.openqa.selenium.support.events.EventFiringWebDriver.getScreenshotAs(EventFiringWebDriver.java:302)
at crm.qa.util.TestUtil.takeScreenshotAtEndOfTest(TestUtil.java:65)
at crm.qa.util.WebEventListener.onException(WebEventListener.java:68)
at sun.reflect.GeneratedMethodAccessor11.invoke(Unknown Source)
at sun.reflect.DelegatingMethodAccessorImpl.invoke(Unknown Source)
at java.lang.reflect.Method.invoke(Unknown Source)
at org.openqa.selenium.support.events.EventFiringWebDriver.lambda$new$0(EventFiringWebDriver.java:84)
at com.sun.proxy.$Proxy7.onException(Unknown Source)
at org.openqa.selenium.support.events.EventFiringWebDriver.lambda$new$1(EventFiringWebDriver.java:107)
at com.sun.proxy.$Proxy8.getScreenshotAs(Unknown Source)
at org.openqa.selenium.support.events.EventFiringWebDriver.getScreenshotAs(EventFiringWebDriver.java:302)
at crm.qa.util.TestUtil.takeScreenshotAtEndOfTest(TestUtil.java:65)
at crm.qa.util.WebEventListener.onException(WebEventListener.java:68)
at sun.reflect.GeneratedMethodAccessor11.invoke(Unknown Source)
at sun.reflect.DelegatingMethodAccessorImpl.invoke(Unknown Source)
at java.lang.reflect.Method.invoke(Unknown Source)
at org.openqa.selenium.support.events.EventFiringWebDriver.lambda$new$0(EventFiringWebDriver.java:84)
at com.sun.proxy.$Proxy7.onException(Unknown Source)
at org.openqa.selenium.support.events.EventFiringWebDriver.lambda$new$1(EventFiringWebDriver.java:107)
at com.sun.proxy.$Proxy8.getScreenshotAs(Unknown Source)
at org.openqa.selenium.support.events.EventFiringWebDriver.getScreenshotAs(EventFiringWebDriver.java:302)
at crm.qa.util.TestUtil.takeScreenshotAtEndOfTest(TestUtil.java:65)
at crm.qa.util.WebEventListener.onException(WebEventListener.java:68)
at sun.reflect.GeneratedMethodAccessor11.invoke(Unknown Source)
at sun.reflect.DelegatingMethodAccessorImpl.invoke(Unknown Source)
at java.lang.reflect.Method.invoke(Unknown Source)
at org.openqa.selenium.support.events.EventFiringWebDriver.lambda$new$0(EventFiringWebDriver.java:84)
at com.sun.proxy.$Proxy7.onException(Unknown Source)
at org.openqa.selenium.support.events.EventFiringWebDriver.lambda$new$1(EventFiringWebDriver.java:107)
at com.sun.proxy.$Proxy8.getScreenshotAs(Unknown Source)
at org.openqa.selenium.support.events.EventFiringWebDriver.getScreenshotAs(EventFiringWebDriver.java:302)
at crm.qa.util.TestUtil.takeScreenshotAtEndOfTest(TestUtil.java:65)
at crm.qa.util.WebEventListener.onException(WebEventListener.java:68)
at sun.reflect.GeneratedMethodAccessor11.invoke(Unknown Source)
at sun.reflect.DelegatingMethodAccessorImpl.invoke(Unknown Source)
at java.lang.reflect.Method.invoke(Unknown Source)
at org.openqa.selenium.support.events.EventFiringWebDriver.lambda$new$0(EventFiringWebDriver.java:84)
at com.sun.proxy.$Proxy7.onException(Unknown Source)
at org.openqa.selenium.support.events.EventFiringWebDriver.lambda$new$1(EventFiringWebDriver.java:107)
at com.sun.proxy.$Proxy8.getScreenshotAs(Unknown Source)
at org.openqa.selenium.support.events.EventFiringWebDriver.getScreenshotAs(EventFiringWebDriver.java:302)
at crm.qa.util.TestUtil.takeScreenshotAtEndOfTest(TestUtil.java:65)
at crm.qa.util.WebEventListener.onException(WebEventListener.java:68)
at sun.reflect.GeneratedMethodAccessor11.invoke(Unknown Source)
at sun.reflect.DelegatingMethodAccessorImpl.invoke(Unknown Source)
at java.lang.reflect.Method.invoke(Unknown Source)
at org.openqa.selenium.support.events.EventFiringWebDriver.lambda$new$0(EventFiringWebDriver.java:84)
at com.sun.proxy.$Proxy7.onException(Unknown Source)
at org.openqa.selenium.support.events.EventFiringWebDriver.lambda$new$1(EventFiringWebDriver.java:107)
at com.sun.proxy.$Proxy8.getScreenshotAs(Unknown Source)
at org.openqa.selenium.support.events.EventFiringWebDriver.getScreenshotAs(EventFiringWebDriver.java:302)
at crm.qa.util.TestUtil.takeScreenshotAtEndOfTest(TestUtil.java:65)
at crm.qa.util.WebEventListener.onException(WebEventListener.java:68)
at sun.reflect.GeneratedMethodAccessor11.invoke(Unknown Source)
at sun.reflect.DelegatingMethodAccessorImpl.invoke(Unknown Source)
at java.lang.reflect.Method.invoke(Unknown Source)
at org.openqa.selenium.support.events.EventFiringWebDriver.lambda$new$0(EventFiringWebDriver.java:84)
at com.sun.proxy.$Proxy7.onException(Unknown Source)
at org.openqa.selenium.support.events.EventFiringWebDriver.lambda$new$1(EventFiringWebDriver.java:107)
at com.sun.proxy.$Proxy8.getScreenshotAs(Unknown Source)
at org.openqa.selenium.support.events.EventFiringWebDriver.getScreenshotAs(EventFiringWebDriver.java:302)
at crm.qa.util.TestUtil.takeScreenshotAtEndOfTest(TestUtil.java:65)
]]>
    </error>
  </testcase> <!-- setUp -->
  <testcase name="verifyContactsPageLabel" time="14.825" classname="crm.qa.pages.test.ContactsPageTest"/>
  <testcase name="selectSingleContactsTest" time="24.544" classname="crm.qa.pages.test.ContactsPageTest">
    <error type="org.openqa.selenium.NoSuchElementException" message="no such element: Unable to locate element: {&quot;method&quot;:&quot;xpath&quot;,&quot;selector&quot;:&quot;//a[text()=&#039;master chef&#039;]//parent::td[@class=&#039;datalistrow&#039;]//preceding-sibling::td[@class=&#039;datalistrow&#039;]//input[@name=&#039;contact_id&#039;]&quot;}
  (Session info: chrome=76.0.3809.132)
For documentation on this error, please visit: https://www.seleniumhq.org/exceptions/no_such_element.html
Build info: version: &#039;3.141.59&#039;, revision: &#039;e82be7d358&#039;, time: &#039;2018-11-14T08:17:03&#039;
System info: host: &#039;SM-5014&#039;, ip: &#039;10.80.129.124&#039;, os.name: &#039;Windows 10&#039;, os.arch: &#039;amd64&#039;, os.version: &#039;10.0&#039;, java.version: &#039;1.8.0_60&#039;
Driver info: org.openqa.selenium.chrome.ChromeDriver
Capabilities {acceptInsecureCerts: false, browserName: chrome, browserVersion: 76.0.3809.132, chrome: {chromedriverVersion: 75.0.3770.8 (681f24ea911fe7..., userDataDir: C:\Users\hsreenu\AppData\Lo...}, goog:chromeOptions: {debuggerAddress: localhost:3979}, javascriptEnabled: true, networkConnectionEnabled: false, pageLoadStrategy: normal, platform: XP, platformName: XP, proxy: Proxy(), setWindowRect: true, strictFileInteractability: false, timeouts: {implicit: 0, pageLoad: 300000, script: 30000}, unhandledPromptBehavior: dismiss and notify}
Session ID: 944b68025c12fe85e1b6977ffa7d8829
*** Element info: {Using=xpath, value=//a[text()=&#039;master chef&#039;]//parent::td[@class=&#039;datalistrow&#039;]//preceding-sibling::td[@class=&#039;datalistrow&#039;]//input[@name=&#039;contact_id&#039;]}">
      <![CDATA[org.openqa.selenium.NoSuchElementException: no such element: Unable to locate element: {"method":"xpath","selector":"//a[text()='master chef']//parent::td[@class='datalistrow']//preceding-sibling::td[@class='datalistrow']//input[@name='contact_id']"}
  (Session info: chrome=76.0.3809.132)
For documentation on this error, please visit: https://www.seleniumhq.org/exceptions/no_such_element.html
Build info: version: '3.141.59', revision: 'e82be7d358', time: '2018-11-14T08:17:03'
System info: host: 'SM-5014', ip: '10.80.129.124', os.name: 'Windows 10', os.arch: 'amd64', os.version: '10.0', java.version: '1.8.0_60'
Driver info: org.openqa.selenium.chrome.ChromeDriver
Capabilities {acceptInsecureCerts: false, browserName: chrome, browserVersion: 76.0.3809.132, chrome: {chromedriverVersion: 75.0.3770.8 (681f24ea911fe7..., userDataDir: C:\Users\hsreenu\AppData\Lo...}, goog:chromeOptions: {debuggerAddress: localhost:3979}, javascriptEnabled: true, networkConnectionEnabled: false, pageLoadStrategy: normal, platform: XP, platformName: XP, proxy: Proxy(), setWindowRect: true, strictFileInteractability: false, timeouts: {implicit: 0, pageLoad: 300000, script: 30000}, unhandledPromptBehavior: dismiss and notify}
Session ID: 944b68025c12fe85e1b6977ffa7d8829
*** Element info: {Using=xpath, value=//a[text()='master chef']//parent::td[@class='datalistrow']//preceding-sibling::td[@class='datalistrow']//input[@name='contact_id']}
at sun.reflect.NativeConstructorAccessorImpl.newInstance0(Native Method)
at sun.reflect.NativeConstructorAccessorImpl.newInstance(Unknown Source)
at sun.reflect.DelegatingConstructorAccessorImpl.newInstance(Unknown Source)
at java.lang.reflect.Constructor.newInstance(Unknown Source)
at org.openqa.selenium.remote.http.W3CHttpResponseCodec.createException(W3CHttpResponseCodec.java:187)
at org.openqa.selenium.remote.http.W3CHttpResponseCodec.decode(W3CHttpResponseCodec.java:122)
at org.openqa.selenium.remote.http.W3CHttpResponseCodec.decode(W3CHttpResponseCodec.java:49)
at org.openqa.selenium.remote.HttpCommandExecutor.execute(HttpCommandExecutor.java:158)
at org.openqa.selenium.remote.service.DriverCommandExecutor.execute(DriverCommandExecutor.java:83)
at org.openqa.selenium.remote.RemoteWebDriver.execute(RemoteWebDriver.java:552)
at org.openqa.selenium.remote.RemoteWebDriver.findElement(RemoteWebDriver.java:323)
at org.openqa.selenium.remote.RemoteWebDriver.findElementByXPath(RemoteWebDriver.java:428)
at org.openqa.selenium.By$ByXPath.findElement(By.java:353)
at org.openqa.selenium.remote.RemoteWebDriver.findElement(RemoteWebDriver.java:315)
at sun.reflect.GeneratedMethodAccessor4.invoke(Unknown Source)
at sun.reflect.DelegatingMethodAccessorImpl.invoke(Unknown Source)
at java.lang.reflect.Method.invoke(Unknown Source)
at org.openqa.selenium.support.events.EventFiringWebDriver.lambda$new$1(EventFiringWebDriver.java:105)
at com.sun.proxy.$Proxy8.findElement(Unknown Source)
at org.openqa.selenium.support.events.EventFiringWebDriver.findElement(EventFiringWebDriver.java:194)
at crm.qa.pages.ContactsPage.selectContactsByName(ContactsPage.java:42)
at crm.qa.pages.test.ContactsPageTest.selectSingleContactsTest(ContactsPageTest.java:57)
at sun.reflect.NativeMethodAccessorImpl.invoke0(Native Method)
at sun.reflect.NativeMethodAccessorImpl.invoke(Unknown Source)
at sun.reflect.DelegatingMethodAccessorImpl.invoke(Unknown Source)
at java.lang.reflect.Method.invoke(Unknown Source)
at org.testng.internal.MethodInvocationHelper.invokeMethod(MethodInvocationHelper.java:124)
at org.testng.internal.Invoker.invokeMethod(Invoker.java:583)
at org.testng.internal.Invoker.invokeTestMethod(Invoker.java:719)
at org.testng.internal.Invoker.invokeTestMethods(Invoker.java:989)
at org.testng.internal.TestMethodWorker.invokeTestMethods(TestMethodWorker.java:125)
at org.testng.internal.TestMethodWorker.run(TestMethodWorker.java:109)
at org.testng.TestRunner.privateRun(TestRunner.java:648)
at org.testng.TestRunner.run(TestRunner.java:505)
at org.testng.SuiteRunner.runTest(SuiteRunner.java:455)
at org.testng.SuiteRunner.runSequentially(SuiteRunner.java:450)
at org.testng.SuiteRunner.privateRun(SuiteRunner.java:415)
at org.testng.SuiteRunner.run(SuiteRunner.java:364)
at org.testng.SuiteRunnerWorker.runSuite(SuiteRunnerWorker.java:52)
at org.testng.SuiteRunnerWorker.run(SuiteRunnerWorker.java:84)
at org.testng.TestNG.runSuitesSequentially(TestNG.java:1208)
at org.testng.TestNG.runSuitesLocally(TestNG.java:1137)
at org.testng.TestNG.runSuites(TestNG.java:1049)
at org.testng.TestNG.run(TestNG.java:1017)
at org.testng.remote.AbstractRemoteTestNG.run(AbstractRemoteTestNG.java:115)
at org.testng.remote.RemoteTestNG.initAndRun(RemoteTestNG.java:251)
at org.testng.remote.RemoteTestNG.main(RemoteTestNG.java:77)
]]>
    </error>
  </testcase> <!-- selectSingleContactsTest -->
  <testcase name="selectMultipleContactsTest" time="23.556" classname="crm.qa.pages.test.ContactsPageTest">
    <error type="org.openqa.selenium.NoSuchElementException" message="no such element: Unable to locate element: {&quot;method&quot;:&quot;xpath&quot;,&quot;selector&quot;:&quot;//a[text()=&#039;master chef&#039;]//parent::td[@class=&#039;datalistrow&#039;]//preceding-sibling::td[@class=&#039;datalistrow&#039;]//input[@name=&#039;contact_id&#039;]&quot;}
  (Session info: chrome=76.0.3809.132)
For documentation on this error, please visit: https://www.seleniumhq.org/exceptions/no_such_element.html
Build info: version: &#039;3.141.59&#039;, revision: &#039;e82be7d358&#039;, time: &#039;2018-11-14T08:17:03&#039;
System info: host: &#039;SM-5014&#039;, ip: &#039;10.80.129.124&#039;, os.name: &#039;Windows 10&#039;, os.arch: &#039;amd64&#039;, os.version: &#039;10.0&#039;, java.version: &#039;1.8.0_60&#039;
Driver info: org.openqa.selenium.chrome.ChromeDriver
Capabilities {acceptInsecureCerts: false, browserName: chrome, browserVersion: 76.0.3809.132, chrome: {chromedriverVersion: 75.0.3770.8 (681f24ea911fe7..., userDataDir: C:\Users\hsreenu\AppData\Lo...}, goog:chromeOptions: {debuggerAddress: localhost:4099}, javascriptEnabled: true, networkConnectionEnabled: false, pageLoadStrategy: normal, platform: XP, platformName: XP, proxy: Proxy(), setWindowRect: true, strictFileInteractability: false, timeouts: {implicit: 0, pageLoad: 300000, script: 30000}, unhandledPromptBehavior: dismiss and notify}
Session ID: 2784f9574626f65e0a925ac957364e6c
*** Element info: {Using=xpath, value=//a[text()=&#039;master chef&#039;]//parent::td[@class=&#039;datalistrow&#039;]//preceding-sibling::td[@class=&#039;datalistrow&#039;]//input[@name=&#039;contact_id&#039;]}">
      <![CDATA[org.openqa.selenium.NoSuchElementException: no such element: Unable to locate element: {"method":"xpath","selector":"//a[text()='master chef']//parent::td[@class='datalistrow']//preceding-sibling::td[@class='datalistrow']//input[@name='contact_id']"}
  (Session info: chrome=76.0.3809.132)
For documentation on this error, please visit: https://www.seleniumhq.org/exceptions/no_such_element.html
Build info: version: '3.141.59', revision: 'e82be7d358', time: '2018-11-14T08:17:03'
System info: host: 'SM-5014', ip: '10.80.129.124', os.name: 'Windows 10', os.arch: 'amd64', os.version: '10.0', java.version: '1.8.0_60'
Driver info: org.openqa.selenium.chrome.ChromeDriver
Capabilities {acceptInsecureCerts: false, browserName: chrome, browserVersion: 76.0.3809.132, chrome: {chromedriverVersion: 75.0.3770.8 (681f24ea911fe7..., userDataDir: C:\Users\hsreenu\AppData\Lo...}, goog:chromeOptions: {debuggerAddress: localhost:4099}, javascriptEnabled: true, networkConnectionEnabled: false, pageLoadStrategy: normal, platform: XP, platformName: XP, proxy: Proxy(), setWindowRect: true, strictFileInteractability: false, timeouts: {implicit: 0, pageLoad: 300000, script: 30000}, unhandledPromptBehavior: dismiss and notify}
Session ID: 2784f9574626f65e0a925ac957364e6c
*** Element info: {Using=xpath, value=//a[text()='master chef']//parent::td[@class='datalistrow']//preceding-sibling::td[@class='datalistrow']//input[@name='contact_id']}
at sun.reflect.NativeConstructorAccessorImpl.newInstance0(Native Method)
at sun.reflect.NativeConstructorAccessorImpl.newInstance(Unknown Source)
at sun.reflect.DelegatingConstructorAccessorImpl.newInstance(Unknown Source)
at java.lang.reflect.Constructor.newInstance(Unknown Source)
at org.openqa.selenium.remote.http.W3CHttpResponseCodec.createException(W3CHttpResponseCodec.java:187)
at org.openqa.selenium.remote.http.W3CHttpResponseCodec.decode(W3CHttpResponseCodec.java:122)
at org.openqa.selenium.remote.http.W3CHttpResponseCodec.decode(W3CHttpResponseCodec.java:49)
at org.openqa.selenium.remote.HttpCommandExecutor.execute(HttpCommandExecutor.java:158)
at org.openqa.selenium.remote.service.DriverCommandExecutor.execute(DriverCommandExecutor.java:83)
at org.openqa.selenium.remote.RemoteWebDriver.execute(RemoteWebDriver.java:552)
at org.openqa.selenium.remote.RemoteWebDriver.findElement(RemoteWebDriver.java:323)
at org.openqa.selenium.remote.RemoteWebDriver.findElementByXPath(RemoteWebDriver.java:428)
at org.openqa.selenium.By$ByXPath.findElement(By.java:353)
at org.openqa.selenium.remote.RemoteWebDriver.findElement(RemoteWebDriver.java:315)
at sun.reflect.GeneratedMethodAccessor4.invoke(Unknown Source)
at sun.reflect.DelegatingMethodAccessorImpl.invoke(Unknown Source)
at java.lang.reflect.Method.invoke(Unknown Source)
at org.openqa.selenium.support.events.EventFiringWebDriver.lambda$new$1(EventFiringWebDriver.java:105)
at com.sun.proxy.$Proxy8.findElement(Unknown Source)
at org.openqa.selenium.support.events.EventFiringWebDriver.findElement(EventFiringWebDriver.java:194)
at crm.qa.pages.ContactsPage.selectContactsByName(ContactsPage.java:42)
at crm.qa.pages.test.ContactsPageTest.selectMultipleContactsTest(ContactsPageTest.java:62)
at sun.reflect.NativeMethodAccessorImpl.invoke0(Native Method)
at sun.reflect.NativeMethodAccessorImpl.invoke(Unknown Source)
at sun.reflect.DelegatingMethodAccessorImpl.invoke(Unknown Source)
at java.lang.reflect.Method.invoke(Unknown Source)
at org.testng.internal.MethodInvocationHelper.invokeMethod(MethodInvocationHelper.java:124)
at org.testng.internal.Invoker.invokeMethod(Invoker.java:583)
at org.testng.internal.Invoker.invokeTestMethod(Invoker.java:719)
at org.testng.internal.Invoker.invokeTestMethods(Invoker.java:989)
at org.testng.internal.TestMethodWorker.invokeTestMethods(TestMethodWorker.java:125)
at org.testng.internal.TestMethodWorker.run(TestMethodWorker.java:109)
at org.testng.TestRunner.privateRun(TestRunner.java:648)
at org.testng.TestRunner.run(TestRunner.java:505)
at org.testng.SuiteRunner.runTest(SuiteRunner.java:455)
at org.testng.SuiteRunner.runSequentially(SuiteRunner.java:450)
at org.testng.SuiteRunner.privateRun(SuiteRunner.java:415)
at org.testng.SuiteRunner.run(SuiteRunner.java:364)
at org.testng.SuiteRunnerWorker.runSuite(SuiteRunnerWorker.java:52)
at org.testng.SuiteRunnerWorker.run(SuiteRunnerWorker.java:84)
at org.testng.TestNG.runSuitesSequentially(TestNG.java:1208)
at org.testng.TestNG.runSuitesLocally(TestNG.java:1137)
at org.testng.TestNG.runSuites(TestNG.java:1049)
at org.testng.TestNG.run(TestNG.java:1017)
at org.testng.remote.AbstractRemoteTestNG.run(AbstractRemoteTestNG.java:115)
at org.testng.remote.RemoteTestNG.initAndRun(RemoteTestNG.java:251)
at org.testng.remote.RemoteTestNG.main(RemoteTestNG.java:77)
]]>
    </error>
  </testcase> <!-- selectMultipleContactsTest -->
  <testcase name="validateCreateNewContact" time="13.961" classname="crm.qa.pages.test.ContactsPageTest">
    <skipped/>
  </testcase> <!-- validateCreateNewContact -->
  <testcase name="validateCreateNewContact" time="3.795" classname="crm.qa.pages.test.ContactsPageTest"/>
  <testcase name="validateCreateNewContact" time="4.023" classname="crm.qa.pages.test.ContactsPageTest"/>
</testsuite> <!-- crm.qa.pages.test.ContactsPageTest -->
