<?xml version="1.0" encoding="UTF-8"?>
<!-- Generated by org.testng.reporters.JUnitReportReporter -->
<testsuite skipped="0" hostname="SM-5014" name="crm.qa.pages.test.LoginPageTest" tests="3" failures="0" timestamp="13 Sep 2019 13:43:58 GMT" time="32.279" errors="0">
  <testcase name="loginPageTitleTest" time="8.792" classname="crm.qa.pages.test.LoginPageTest"/>
  <testcase name="crmLogoImageTest" time="8.716" classname="crm.qa.pages.test.LoginPageTest"/>
  <testcase name="loginTest" time="14.771" classname="crm.qa.pages.test.LoginPageTest"/>
</testsuite> <!-- crm.qa.pages.test.LoginPageTest -->
