<?xml version="1.0" encoding="UTF-8"?>
<!-- Generated by org.testng.reporters.JUnitReportReporter -->
<testsuite skipped="0" hostname="SM-5014" name="crm.qa.pages.test.DealspageTest" tests="5" failures="0" timestamp="26 Aug 2019 10:21:28 GMT" time="92.158" errors="0">
  <testcase name="verifyDealsPageLabel" time="18.615" classname="crm.qa.pages.test.DealspageTest"/>
  <testcase name="validatecreateNewDeal" time="17.971" classname="crm.qa.pages.test.DealspageTest"/>
  <testcase name="validatecreateNewDeal" time="18.250" classname="crm.qa.pages.test.DealspageTest"/>
  <testcase name="validatecreateNewDeal" time="19.241" classname="crm.qa.pages.test.DealspageTest"/>
  <testcase name="validatecreateNewDeal" time="18.081" classname="crm.qa.pages.test.DealspageTest"/>
</testsuite> <!-- crm.qa.pages.test.DealspageTest -->
