<?xml version="1.0" encoding="UTF-8"?>
<!-- Generated by org.testng.reporters.JUnitReportReporter -->
<testsuite skipped="0" hostname="SM-5014" name="crm.qa.pages.test.HomePageTest" tests="3" failures="0" timestamp="13 Sep 2019 13:43:58 GMT" time="44.641" errors="0">
  <testcase name="verifyHomePageTitleTest" time="13.659" classname="crm.qa.pages.test.HomePageTest"/>
  <testcase name="verifyUserNameTest" time="15.803" classname="crm.qa.pages.test.HomePageTest"/>
  <testcase name="verifyContactsLinkTest" time="15.179" classname="crm.qa.pages.test.HomePageTest"/>
</testsuite> <!-- crm.qa.pages.test.HomePageTest -->
