<?xml version="1.0" encoding="UTF-8"?>
<!-- Generated by org.testng.reporters.JUnitReportReporter -->
<testsuite skipped="0" hostname="SM-5016" name="crm.qa.pages.test.HomePageTest" tests="3" failures="0" timestamp="20 Sep 2019 05:22:55 GMT" time="58.402" errors="0">
  <testcase name="verifyHomePageTitleTest" time="18.926" classname="crm.qa.pages.test.HomePageTest"/>
  <testcase name="verifyUserNameTest" time="19.207" classname="crm.qa.pages.test.HomePageTest"/>
  <testcase name="verifyContactsLinkTest" time="20.269" classname="crm.qa.pages.test.HomePageTest"/>
</testsuite> <!-- crm.qa.pages.test.HomePageTest -->
