<?xml version="1.0" encoding="UTF-8"?>
<!-- Generated by org.testng.reporters.JUnitReportReporter -->
<testsuite skipped="1" hostname="SM-5016" name="crm.qa.pages.test.DealspageTest" tests="2" failures="0" timestamp="20 Sep 2019 05:22:55 GMT" time="19.962" errors="0">
  <testcase name="verifyDealsPageLabel" time="19.962" classname="crm.qa.pages.test.DealspageTest"/>
  <testcase name="validatecreateNewDeal" time="0.000" classname="crm.qa.pages.test.DealspageTest">
    <skipped/>
  </testcase> <!-- validatecreateNewDeal -->
</testsuite> <!-- crm.qa.pages.test.DealspageTest -->
