<?xml version="1.0" encoding="UTF-8"?>
<!-- Generated by org.testng.reporters.JUnitReportReporter -->
<testsuite skipped="0" hostname="SM-5016" name="crm.qa.pages.test.LoginPageTest" tests="3" failures="0" timestamp="20 Sep 2019 05:22:55 GMT" time="47.441" errors="0">
  <testcase name="loginPageTitleTest" time="14.875" classname="crm.qa.pages.test.LoginPageTest"/>
  <testcase name="crmLogoImageTest" time="13.537" classname="crm.qa.pages.test.LoginPageTest"/>
  <testcase name="loginTest" time="19.029" classname="crm.qa.pages.test.LoginPageTest"/>
</testsuite> <!-- crm.qa.pages.test.LoginPageTest -->
